#
# A fatal error has been detected by the Java Runtime Environment:
#
#  EXCEPTION_ACCESS_VIOLATION (0xc0000005) at pc=0x69bf59e0, pid=14868, tid=15140
#
# JRE version: Java(TM) SE Runtime Environment (8.0_60-b27) (build 1.8.0_60-b27)
# Java VM: Java HotSpot(TM) Client VM (25.60-b23 mixed mode windows-x86 )
# Problematic frame:
# C  [prism_common.dll+0x59e0]
#
# Failed to write core dump. Minidumps are not enabled by default on client versions of Windows
#
# If you would like to submit a bug report, please visit:
#   http://bugreport.java.com/bugreport/crash.jsp
# The crash happened outside the Java Virtual Machine in native code.
# See problematic frame for where to report the bug.
#

---------------  T H R E A D  ---------------

Current thread (0x655d9c00):  JavaThread "QuantumRenderer-0" daemon [_thread_in_native, id=15140, stack(0x66de0000,0x66e30000)]

siginfo: ExceptionCode=0xc0000005, writing address 0x00000000

Registers:
EAX=0x43c00000, EBX=0x00000018, ECX=0x00000000, EDX=0x00000004
ESP=0x66e2e200, EBP=0x002a7ffd, ESI=0x66e2e418, EDI=0x00000008
EIP=0x69bf59e0, EFLAGS=0x00210203

Top of Stack: (sp=0x66e2e200)
0x66e2e200:   66e2e2dc 00000004 00000000 66e2e418
0x66e2e210:   45cb7ca5 00a9fff4 00000000 00a9fff6
0x66e2e220:   00000000 000010f4 0153fff6 00000000
0x66e2e230:   000010f8 40b0f800 69bf4edd fffffff8
0x66e2e240:   45cb7ca5 4587a000 45cb7ca5 00000004
0x66e2e250:   66e2e4c0 69bfa09f 66e2e418 45cb7ca5
0x66e2e260:   4587a000 69bf948a 66e2e3c8 444a3ca5
0x66e2e270:   44006000 66e2e4c0 69bf7031 66e2e4c0 

Instructions: (pc=0x69bf59e0)
0x69bf59c0:   45 89 44 24 3c 8d 14 ad 00 00 00 00 89 54 24 14
0x69bf59d0:   8b 54 24 4c 8d 0c 38 8b 46 40 8d 5b 10 8b 04 01
0x69bf59e0:   89 47 f8 8b 46 40 8b 44 01 04 8d 0c 3a 89 47 fc
0x69bf59f0:   8d 7f 10 8b 46 40 8b 44 03 f0 89 47 f0 8b 46 40 


Register to memory mapping:

EAX=0x43c00000 is an unallocated location in the heap
EBX=0x00000018 is an unknown value
ECX=0x00000000 is an unknown value
EDX=0x00000004 is an unknown value
ESP=0x66e2e200 is pointing into the stack for thread: 0x655d9c00
EBP=0x002a7ffd is pointing into the stack for thread: 0x0030c000
ESI=0x66e2e418 is pointing into the stack for thread: 0x655d9c00
EDI=0x00000008 is an unknown value


Stack: [0x66de0000,0x66e30000],  sp=0x66e2e200,  free space=312k
Native frames: (J=compiled Java code, j=interpreted, Vv=VM code, C=native code)
C  [prism_common.dll+0x59e0]

Java frames: (J=compiled Java code, j=interpreted, Vv=VM code)
j  com.sun.prism.impl.shape.NativePiscesRasterizer.produceStrokeAlphas([F[BIFIIF[FFDDDDDD[I[B)V+0
j  com.sun.prism.impl.shape.NativePiscesRasterizer.getMaskData(Lcom/sun/javafx/geom/Shape;Lcom/sun/prism/BasicStroke;Lcom/sun/javafx/geom/RectBounds;Lcom/sun/javafx/geom/transform/BaseTransform;ZZ)Lcom/sun/prism/impl/shape/MaskData;+487
j  com.sun.prism.impl.shape.ShapeUtil.rasterizeShape(Lcom/sun/javafx/geom/Shape;Lcom/sun/prism/BasicStroke;Lcom/sun/javafx/geom/RectBounds;Lcom/sun/javafx/geom/transform/BaseTransform;ZZ)Lcom/sun/prism/impl/shape/MaskData;+11
j  com.sun.prism.impl.ps.BaseShaderGraphics.renderShape(Lcom/sun/javafx/geom/Shape;Lcom/sun/prism/BasicStroke;FFFF)V+40
j  com.sun.prism.impl.BaseGraphics.draw(Lcom/sun/javafx/geom/Shape;)V+136
j  com.sun.prism.impl.ps.CachingShapeRepState.drawNoCache(Lcom/sun/prism/Graphics;Lcom/sun/javafx/geom/Shape;)V+2
j  com.sun.prism.impl.ps.CachingShapeRepState.render(Lcom/sun/prism/Graphics;Lcom/sun/javafx/geom/Shape;Lcom/sun/javafx/geom/RectBounds;Lcom/sun/prism/BasicStroke;)V+241
j  com.sun.prism.impl.ps.CachingShapeRep.draw(Lcom/sun/prism/Graphics;Lcom/sun/javafx/geom/Shape;Lcom/sun/javafx/geom/BaseBounds;)V+31
j  com.sun.javafx.sg.prism.NGShape.renderContent2D(Lcom/sun/prism/Graphics;Z)V+144
j  com.sun.javafx.sg.prism.NGShape.renderContent(Lcom/sun/prism/Graphics;)V+454
j  com.sun.javafx.sg.prism.NGNode.doRender(Lcom/sun/prism/Graphics;)V+330
j  com.sun.javafx.sg.prism.NGNode.render(Lcom/sun/prism/Graphics;)V+34
j  com.sun.javafx.sg.prism.NGGroup.renderContent(Lcom/sun/prism/Graphics;)V+160
j  com.sun.javafx.sg.prism.NGNode.renderForClip(Lcom/sun/prism/Graphics;)V+17
j  com.sun.javafx.sg.prism.NGNode.renderRectClip(Lcom/sun/prism/Graphics;Lcom/sun/javafx/sg/prism/NGRectangle;)V+106
j  com.sun.javafx.sg.prism.NGNode.renderClip(Lcom/sun/prism/Graphics;)V+83
j  com.sun.javafx.sg.prism.NGNode.doRender(Lcom/sun/prism/Graphics;)V+285
j  com.sun.javafx.sg.prism.NGNode.render(Lcom/sun/prism/Graphics;)V+34
j  com.sun.javafx.sg.prism.NGGroup.renderContent(Lcom/sun/prism/Graphics;)V+160
j  com.sun.javafx.sg.prism.NGRegion.renderContent(Lcom/sun/prism/Graphics;)V+111
j  com.sun.javafx.sg.prism.NGNode.doRender(Lcom/sun/prism/Graphics;)V+330
j  com.sun.javafx.sg.prism.NGNode.render(Lcom/sun/prism/Graphics;)V+34
j  com.sun.javafx.sg.prism.NGGroup.renderContent(Lcom/sun/prism/Graphics;)V+160
j  com.sun.javafx.sg.prism.NGRegion.renderContent(Lcom/sun/prism/Graphics;)V+111
j  com.sun.javafx.sg.prism.NGNode.doRender(Lcom/sun/prism/Graphics;)V+330
j  com.sun.javafx.sg.prism.NGNode.render(Lcom/sun/prism/Graphics;)V+34
j  com.sun.javafx.tk.quantum.ViewPainter.doPaint(Lcom/sun/prism/Graphics;Lcom/sun/javafx/sg/prism/NodePath;)V+201
j  com.sun.javafx.tk.quantum.ViewPainter.paintImpl(Lcom/sun/prism/Graphics;)V+982
j  com.sun.javafx.tk.quantum.UploadingPainter.run()V+719
j  java.util.concurrent.Executors$RunnableAdapter.call()Ljava/lang/Object;+4
j  java.util.concurrent.FutureTask.runAndReset()Z+47
j  com.sun.javafx.tk.RenderJob.run()V+1
j  java.util.concurrent.ThreadPoolExecutor.runWorker(Ljava/util/concurrent/ThreadPoolExecutor$Worker;)V+95
j  java.util.concurrent.ThreadPoolExecutor$Worker.run()V+5
j  com.sun.javafx.tk.quantum.QuantumRenderer$PipelineRunnable.run()V+8
j  java.lang.Thread.run()V+11
v  ~StubRoutines::call_stub

---------------  P R O C E S S  ---------------

Java Threads: ( => current thread )
  0x657a9800 JavaThread "Prism Font Disposer" daemon [_thread_blocked, id=5856, stack(0x6c780000,0x6c7d0000)]
  0x657a5c00 JavaThread "Image Fetcher 1" daemon [_thread_blocked, id=12496, stack(0x6c570000,0x6c5c0000)]
  0x657a8400 JavaThread "Image Fetcher 0" daemon [_thread_blocked, id=12832, stack(0x6c4e0000,0x6c530000)]
  0x656efc00 JavaThread "Thread-4" daemon [_thread_in_native, id=15640, stack(0x6b950000,0x6b9a0000)]
  0x656ba800 JavaThread "JavaFX Application Thread" [_thread_in_Java, id=15664, stack(0x68be0000,0x68c30000)]
  0x656b9000 JavaThread "Thread-3" daemon [_thread_blocked, id=10028, stack(0x67660000,0x676b0000)]
=>0x655d9c00 JavaThread "QuantumRenderer-0" daemon [_thread_in_native, id=15140, stack(0x66de0000,0x66e30000)]
  0x6569f000 JavaThread "SwingWorker-pool-1-thread-1" daemon [_thread_blocked, id=2252, stack(0x66be0000,0x66c30000)]
  0x654da000 JavaThread "TimerQueue" daemon [_thread_blocked, id=9268, stack(0x66280000,0x662d0000)]
  0x0030c000 JavaThread "DestroyJavaVM" [_thread_blocked, id=4472, stack(0x002a0000,0x002f0000)]
  0x6540c400 JavaThread "AWT-EventQueue-0" [_thread_blocked, id=14132, stack(0x660f0000,0x66140000)]
  0x64d52000 JavaThread "AWT-Windows" daemon [_thread_in_native, id=8696, stack(0x65950000,0x659a0000)]
  0x64d51400 JavaThread "AWT-Shutdown" [_thread_blocked, id=10092, stack(0x658c0000,0x65910000)]
  0x64d50800 JavaThread "Java2D Disposer" daemon [_thread_blocked, id=11020, stack(0x65830000,0x65880000)]
  0x64bcd000 JavaThread "Service Thread" daemon [_thread_blocked, id=5388, stack(0x04100000,0x04150000)]
  0x64badc00 JavaThread "C1 CompilerThread0" daemon [_thread_blocked, id=9116, stack(0x02040000,0x02090000)]
  0x64bacc00 JavaThread "Attach Listener" daemon [_thread_blocked, id=13180, stack(0x01fb0000,0x02000000)]
  0x64baac00 JavaThread "Signal Dispatcher" daemon [_thread_blocked, id=4852, stack(0x01f20000,0x01f70000)]
  0x64b88000 JavaThread "Finalizer" daemon [_thread_blocked, id=16760, stack(0x00a40000,0x00a90000)]
  0x64b83400 JavaThread "Reference Handler" daemon [_thread_blocked, id=13104, stack(0x009b0000,0x00a00000)]

Other Threads:
  0x008ad000 VMThread [stack: 0x008f0000,0x00940000] [id=10964]
  0x64bdc400 WatcherThread [stack: 0x04190000,0x041e0000] [id=5884]

VM state:not at safepoint (normal execution)

VM Mutex/Monitor currently owned by a thread: None

Heap:
 def new generation   total 51584K, used 39589K [0x04200000, 0x079f0000, 0x24200000)
  eden space 45888K,  73% used [0x04200000, 0x063197a0, 0x06ed0000)
  from space 5696K, 100% used [0x07460000, 0x079f0000, 0x079f0000)
  to   space 5696K,   0% used [0x06ed0000, 0x06ed0000, 0x07460000)
 tenured generation   total 114496K, used 74509K [0x24200000, 0x2b1d0000, 0x64200000)
   the space 114496K,  65% used [0x24200000, 0x28ac3670, 0x28ac3800, 0x2b1d0000)
 Metaspace       used 13448K, capacity 13887K, committed 13952K, reserved 14720K

Card table byte_map: [0x64200000,0x64510000] byte_map_base: 0x641df000

Polling page: 0x00250000

CodeCache: size=32768Kb used=3979Kb max_used=3979Kb free=28788Kb
 bounds [0x020c0000, 0x024a8000, 0x040c0000]
 total_blobs=2686 nmethods=2287 adapters=328
 compilation: enabled

Compilation events (10 events):
Event: 13.553 Thread 0x64badc00 2293   !         com.sun.scenario.animation.AbstractMasterTimer::timePulseImpl (157 bytes)
Event: 13.554 Thread 0x64badc00 nmethod 2293 0x0249f408 code [0x0249f560, 0x0249f850]
Event: 13.554 Thread 0x64badc00 2294             java.util.Locale::hashCode (41 bytes)
Event: 13.555 Thread 0x64badc00 nmethod 2294 0x0249fc08 code [0x0249fd20, 0x0249fe18]
Event: 13.555 Thread 0x64badc00 2295             java.text.DecimalFormat::expandAffix (188 bytes)
Event: 13.556 Thread 0x64badc00 nmethod 2295 0x0249ff08 code [0x024a00b0, 0x024a0a80]
Event: 13.622 Thread 0x64badc00 2296             java.text.DigitList::set (346 bytes)
Event: 13.622 Thread 0x64badc00 nmethod 2296 0x024a1988 code [0x024a1ae0, 0x024a1f30]
Event: 13.714 Thread 0x64badc00 2297             javafx.scene.chart.CategoryAxis::getDuplicate (99 bytes)
Event: 13.714 Thread 0x64badc00 nmethod 2297 0x024a2488 code [0x024a2670, 0x024a2af0]

GC Heap History (10 events):
Event: 9.774 GC heap before
{Heap before GC invocations=131 (full 4):
 def new generation   total 28096K, used 27549K [0x04200000, 0x06070000, 0x24200000)
  eden space 25024K, 100% used [0x04200000, 0x05a70000, 0x05a70000)
  from space 3072K,  82% used [0x05d70000, 0x05fe7598, 0x06070000)
  to   space 3072K,   0% used [0x05a70000, 0x05a70000, 0x05d70000)
 tenured generation   total 62296K, used 37457K [0x24200000, 0x27ed6000, 0x64200000)
   the space 62296K,  60% used [0x24200000, 0x26694660, 0x26694800, 0x27ed6000)
 Metaspace       used 12870K, capacity 13231K, committed 13312K, reserved 13696K
Event: 9.825 GC heap after
Heap after GC invocations=132 (full 4):
 def new generation   total 28096K, used 3072K [0x04200000, 0x06070000, 0x24200000)
  eden space 25024K,   0% used [0x04200000, 0x04200000, 0x05a70000)
  from space 3072K, 100% used [0x05a70000, 0x05d70000, 0x05d70000)
  to   space 3072K,   0% used [0x05d70000, 0x05d70000, 0x06070000)
 tenured generation   total 62296K, used 47815K [0x24200000, 0x27ed6000, 0x64200000)
   the space 62296K,  76% used [0x24200000, 0x270b1c80, 0x270b1e00, 0x27ed6000)
 Metaspace       used 12870K, capacity 13231K, committed 13312K, reserved 13696K
}
Event: 10.159 GC heap before
{Heap before GC invocations=132 (full 4):
 def new generation   total 28096K, used 28096K [0x04200000, 0x06070000, 0x24200000)
  eden space 25024K, 100% used [0x04200000, 0x05a70000, 0x05a70000)
  from space 3072K, 100% used [0x05a70000, 0x05d70000, 0x05d70000)
  to   space 3072K,   0% used [0x05d70000, 0x05d70000, 0x06070000)
 tenured generation   total 62296K, used 47815K [0x24200000, 0x27ed6000, 0x64200000)
   the space 62296K,  76% used [0x24200000, 0x270b1c80, 0x270b1e00, 0x27ed6000)
 Metaspace       used 13059K, capacity 13425K, committed 13568K, reserved 13696K
Event: 10.170 GC heap after
Heap after GC invocations=133 (full 4):
 def new generation   total 28096K, used 806K [0x04200000, 0x06070000, 0x24200000)
  eden space 25024K,   0% used [0x04200000, 0x04200000, 0x05a70000)
  from space 3072K,  26% used [0x05d70000, 0x05e39970, 0x06070000)
  to   space 3072K,   0% used [0x05a70000, 0x05a70000, 0x05d70000)
 tenured generation   total 62296K, used 50886K [0x24200000, 0x27ed6000, 0x64200000)
   the space 62296K,  81% used [0x24200000, 0x273b1950, 0x273b1a00, 0x27ed6000)
 Metaspace       used 13059K, capacity 13425K, committed 13568K, reserved 13696K
}
Event: 11.193 GC heap before
{Heap before GC invocations=133 (full 4):
 def new generation   total 28096K, used 25830K [0x04200000, 0x06070000, 0x24200000)
  eden space 25024K, 100% used [0x04200000, 0x05a70000, 0x05a70000)
  from space 3072K,  26% used [0x05d70000, 0x05e39970, 0x06070000)
  to   space 3072K,   0% used [0x05a70000, 0x05a70000, 0x05d70000)
 tenured generation   total 62296K, used 50886K [0x24200000, 0x27ed6000, 0x64200000)
   the space 62296K,  81% used [0x24200000, 0x273b1950, 0x273b1a00, 0x27ed6000)
 Metaspace       used 13077K, capacity 13457K, committed 13568K, reserved 13696K
Event: 11.225 GC heap after
Heap after GC invocations=134 (full 4):
 def new generation   total 28096K, used 3072K [0x04200000, 0x06070000, 0x24200000)
  eden space 25024K,   0% used [0x04200000, 0x04200000, 0x05a70000)
  from space 3072K, 100% used [0x05a70000, 0x05d70000, 0x05d70000)
  to   space 3072K,   0% used [0x05d70000, 0x05d70000, 0x06070000)
 tenured generation   total 62296K, used 58062K [0x24200000, 0x27ed6000, 0x64200000)
   the space 62296K,  93% used [0x24200000, 0x27ab3b30, 0x27ab3c00, 0x27ed6000)
 Metaspace       used 13077K, capacity 13457K, committed 13568K, reserved 13696K
}
Event: 11.891 GC heap before
{Heap before GC invocations=134 (full 4):
 def new generation   total 28096K, used 28096K [0x04200000, 0x06070000, 0x24200000)
  eden space 25024K, 100% used [0x04200000, 0x05a70000, 0x05a70000)
  from space 3072K, 100% used [0x05a70000, 0x05d70000, 0x05d70000)
  to   space 3072K,   0% used [0x05d70000, 0x05d70000, 0x06070000)
 tenured generation   total 62296K, used 58062K [0x24200000, 0x27ed6000, 0x64200000)
   the space 62296K,  93% used [0x24200000, 0x27ab3b30, 0x27ab3c00, 0x27ed6000)
 Metaspace       used 13121K, capacity 13489K, committed 13568K, reserved 13696K
Event: 12.073 GC heap after
Heap after GC invocations=135 (full 5):
 def new generation   total 51584K, used 3002K [0x04200000, 0x079f0000, 0x24200000)
  eden space 45888K,   6% used [0x04200000, 0x044eeba8, 0x06ed0000)
  from space 5696K,   0% used [0x06ed0000, 0x06ed0000, 0x07460000)
  to   space 5696K,   0% used [0x07460000, 0x07460000, 0x079f0000)
 tenured generation   total 114496K, used 68695K [0x24200000, 0x2b1d0000, 0x64200000)
   the space 114496K,  59% used [0x24200000, 0x28515fd0, 0x28516000, 0x2b1d0000)
 Metaspace       used 13121K, capacity 13489K, committed 13568K, reserved 13696K
}
Event: 13.451 GC heap before
{Heap before GC invocations=135 (full 5):
 def new generation   total 51584K, used 45888K [0x04200000, 0x079f0000, 0x24200000)
  eden space 45888K, 100% used [0x04200000, 0x06ed0000, 0x06ed0000)
  from space 5696K,   0% used [0x06ed0000, 0x06ed0000, 0x07460000)
  to   space 5696K,   0% used [0x07460000, 0x07460000, 0x079f0000)
 tenured generation   total 114496K, used 68695K [0x24200000, 0x2b1d0000, 0x64200000)
   the space 114496K,  59% used [0x24200000, 0x28515fd0, 0x28516000, 0x2b1d0000)
 Metaspace       used 13224K, capacity 13623K, committed 13696K, reserved 13696K
Event: 13.513 GC heap after
Heap after GC invocations=136 (full 5):
 def new generation   total 51584K, used 5696K [0x04200000, 0x079f0000, 0x24200000)
  eden space 45888K,   0% used [0x04200000, 0x04200000, 0x06ed0000)
  from space 5696K, 100% used [0x07460000, 0x079f0000, 0x079f0000)
  to   space 5696K,   0% used [0x06ed0000, 0x06ed0000, 0x07460000)
 tenured generation   total 114496K, used 74509K [0x24200000, 0x2b1d0000, 0x64200000)
   the space 114496K,  65% used [0x24200000, 0x28ac3670, 0x28ac3800, 0x2b1d0000)
 Metaspace       used 13224K, capacity 13623K, committed 13696K, reserved 13696K
}

Deoptimization events (0 events):
No events

Internal exceptions (10 events):
Event: 0.246 Thread 0x0030c000 Exception <a 'java/lang/ClassNotFoundException': ToolTip> (0x04590df0) thrown at [D:\re\puppet\workspace\8-2-build-windows-i586-cygwin\jdk8u60\4407\hotspot\src\share\vm\classfile\systemDictionary.cpp, line 210]
Event: 0.247 Thread 0x0030c000 Exception <a 'java/lang/ClassNotFoundException': Tree> (0x045918d8) thrown at [D:\re\puppet\workspace\8-2-build-windows-i586-cygwin\jdk8u60\4407\hotspot\src\share\vm\classfile\systemDictionary.cpp, line 210]
Event: 0.247 Thread 0x0030c000 Exception <a 'java/lang/ClassNotFoundException': Tree> (0x04591f78) thrown at [D:\re\puppet\workspace\8-2-build-windows-i586-cygwin\jdk8u60\4407\hotspot\src\share\vm\classfile\systemDictionary.cpp, line 210]
Event: 0.247 Thread 0x0030c000 Exception <a 'java/lang/ClassNotFoundException': javax/swing/JTreeCell> (0x045922b0) thrown at [D:\re\puppet\workspace\8-2-build-windows-i586-cygwin\jdk8u60\4407\hotspot\src\share\vm\classfile\systemDictionary.cpp, line 210]
Event: 0.247 Thread 0x0030c000 Exception <a 'java/lang/ClassNotFoundException': TreeCell> (0x045926f8) thrown at [D:\re\puppet\workspace\8-2-build-windows-i586-cygwin\jdk8u60\4407\hotspot\src\share\vm\classfile\systemDictionary.cpp, line 210]
Event: 0.247 Thread 0x0030c000 Exception <a 'java/lang/ClassNotFoundException': RootPane> (0x04593070) thrown at [D:\re\puppet\workspace\8-2-build-windows-i586-cygwin\jdk8u60\4407\hotspot\src\share\vm\classfile\systemDictionary.cpp, line 210]
Event: 7.284 Thread 0x6540c400 Exception <a 'java/lang/NullPointerException'> (0x0433c720) thrown at [D:\re\puppet\workspace\8-2-build-windows-i586-cygwin\jdk8u60\4407\hotspot\src\share\vm\interpreter\linkResolver.cpp, line 1178]
Event: 7.325 Thread 0x656ba800 Exception <a 'java/lang/NullPointerException'> (0x045f0378) thrown at [D:\re\puppet\workspace\8-2-build-windows-i586-cygwin\jdk8u60\4407\hotspot\src\share\vm\interpreter\linkResolver.cpp, line 1178]
Event: 7.325 Thread 0x656ba800 Exception <a 'java/lang/NullPointerException'> (0x045f0378) thrown at [D:\re\puppet\workspace\8-2-build-windows-i586-cygwin\jdk8u60\4407\hotspot\src\share\vm\prims\jvm.cpp, line 1390]
Event: 8.800 Thread 0x656ba800 Implicit null exception at 0x022aff93 to 0x022b0189

Events (10 events):
Event: 13.573 loading class com/sun/prism/impl/ps/CachingShapeRepState$MaskTexData
Event: 13.573 loading class com/sun/prism/impl/ps/CachingShapeRepState$MaskTexData done
Event: 13.573 loading class com/sun/prism/impl/ps/CachingShapeRepState$CSRDisposerRecord
Event: 13.573 loading class com/sun/prism/impl/ps/CachingShapeRepState$CSRDisposerRecord done
Event: 13.573 loading class com/sun/prism/impl/shape/ShapeUtil
Event: 13.574 loading class com/sun/prism/impl/shape/ShapeUtil done
Event: 13.574 loading class com/sun/prism/impl/shape/ShapeRasterizer
Event: 13.574 loading class com/sun/prism/impl/shape/ShapeRasterizer done
Event: 13.574 loading class com/sun/prism/impl/shape/NativePiscesRasterizer
Event: 13.574 loading class com/sun/prism/impl/shape/NativePiscesRasterizer done


Dynamic libraries:
0x00aa0000 - 0x00ad3000 	C:\Program Files (x86)\Java\jdk1.8.0_60\bin\java.exe
0x77bb0000 - 0x77d1e000 	C:\WINDOWS\SYSTEM32\ntdll.dll
0x77340000 - 0x77480000 	C:\WINDOWS\SYSTEM32\KERNEL32.DLL
0x76990000 - 0x76a67000 	C:\WINDOWS\SYSTEM32\KERNELBASE.dll
0x74360000 - 0x74400000 	C:\WINDOWS\system32\apphelp.dll
0x69580000 - 0x697e6000 	C:\WINDOWS\AppPatch\AcGenral.DLL
0x76690000 - 0x76753000 	C:\WINDOWS\SYSTEM32\msvcrt.dll
0x77570000 - 0x775b1000 	C:\WINDOWS\SYSTEM32\sechost.dll
0x753a0000 - 0x753be000 	C:\WINDOWS\SYSTEM32\SspiCli.dll
0x772f0000 - 0x77335000 	C:\WINDOWS\SYSTEM32\SHLWAPI.dll
0x741d0000 - 0x742bd000 	C:\WINDOWS\SYSTEM32\UxTheme.dll
0x76a70000 - 0x76bc3000 	C:\WINDOWS\SYSTEM32\USER32.dll
0x76ec0000 - 0x76fcf000 	C:\WINDOWS\SYSTEM32\GDI32.dll
0x73d90000 - 0x73db3000 	C:\WINDOWS\SYSTEM32\WINMM.dll
0x736b0000 - 0x736c3000 	C:\WINDOWS\SYSTEM32\samcli.dll
0x77890000 - 0x779b9000 	C:\WINDOWS\SYSTEM32\ole32.dll
0x76cb0000 - 0x76d45000 	C:\WINDOWS\SYSTEM32\OLEAUT32.dll
0x69560000 - 0x69577000 	C:\WINDOWS\SYSTEM32\MSACM32.dll
0x74fa0000 - 0x74fa8000 	C:\WINDOWS\SYSTEM32\VERSION.dll
0x753c0000 - 0x7667c000 	C:\WINDOWS\SYSTEM32\SHELL32.dll
0x75280000 - 0x7529b000 	C:\WINDOWS\SYSTEM32\USERENV.dll
0x74340000 - 0x7435a000 	C:\WINDOWS\SYSTEM32\dwmapi.dll
0x73410000 - 0x7355b000 	C:\WINDOWS\SYSTEM32\urlmon.dll
0x77a60000 - 0x77adc000 	C:\WINDOWS\SYSTEM32\ADVAPI32.dll
0x69c10000 - 0x69c75000 	C:\WINDOWS\SYSTEM32\WINSPOOL.DRV
0x74bb0000 - 0x74bc6000 	C:\WINDOWS\SYSTEM32\MPR.dll
0x777d0000 - 0x7788a000 	C:\WINDOWS\SYSTEM32\RPCRT4.dll
0x75390000 - 0x7539a000 	C:\WINDOWS\SYSTEM32\CRYPTBASE.dll
0x77650000 - 0x777cd000 	C:\WINDOWS\SYSTEM32\combase.dll
0x72980000 - 0x729a3000 	C:\WINDOWS\SYSTEM32\WINMMBASE.dll
0x74f60000 - 0x74f6f000 	C:\WINDOWS\SYSTEM32\profapi.dll
0x73840000 - 0x73a72000 	C:\WINDOWS\SYSTEM32\iertutil.dll
0x73a80000 - 0x73c73000 	C:\WINDOWS\SYSTEM32\WININET.dll
0x75330000 - 0x75384000 	C:\WINDOWS\SYSTEM32\bcryptPrimitives.dll
0x77190000 - 0x771cc000 	C:\WINDOWS\SYSTEM32\cfgmgr32.dll
0x74ec0000 - 0x74ee1000 	C:\WINDOWS\SYSTEM32\DEVOBJ.dll
0x752a0000 - 0x7532b000 	C:\WINDOWS\SYSTEM32\SHCORE.DLL
0x779c0000 - 0x779e7000 	C:\WINDOWS\system32\IMM32.DLL
0x771d0000 - 0x772e2000 	C:\WINDOWS\SYSTEM32\MSCTF.dll
0x74780000 - 0x74986000 	C:\WINDOWS\WinSxS\x86_microsoft.windows.common-controls_6595b64144ccf1df_6.0.9600.18006_none_a9ec6aab013aafee\COMCTL32.dll
0x694a0000 - 0x6955f000 	C:\Program Files (x86)\Java\jdk1.8.0_60\jre\bin\msvcr100.dll
0x690d0000 - 0x69495000 	C:\Program Files (x86)\Java\jdk1.8.0_60\jre\bin\client\jvm.dll
0x74e20000 - 0x74e28000 	C:\WINDOWS\SYSTEM32\WSOCK32.dll
0x76bd0000 - 0x76bd6000 	C:\WINDOWS\SYSTEM32\PSAPI.DLL
0x77a10000 - 0x77a60000 	C:\WINDOWS\SYSTEM32\WS2_32.dll
0x77510000 - 0x77517000 	C:\WINDOWS\SYSTEM32\NSI.dll
0x690c0000 - 0x690cc000 	C:\Program Files (x86)\Java\jdk1.8.0_60\jre\bin\verify.dll
0x69090000 - 0x690b1000 	C:\Program Files (x86)\Java\jdk1.8.0_60\jre\bin\java.dll
0x69070000 - 0x69083000 	C:\Program Files (x86)\Java\jdk1.8.0_60\jre\bin\zip.dll
0x67770000 - 0x678b5000 	C:\Program Files (x86)\Java\jdk1.8.0_60\jre\bin\awt.dll
0x75270000 - 0x75279000 	C:\WINDOWS\SYSTEM32\kernel.appcore.dll
0x67730000 - 0x67769000 	C:\Program Files (x86)\Java\jdk1.8.0_60\jre\bin\fontmanager.dll
0x69050000 - 0x69065000 	C:\Program Files (x86)\Java\jdk1.8.0_60\jre\bin\net.dll
0x750f0000 - 0x7513b000 	C:\WINDOWS\system32\mswsock.dll
0x67720000 - 0x6772f000 	C:\Program Files (x86)\Java\jdk1.8.0_60\jre\bin\nio.dll
0x676f0000 - 0x67720000 	C:\Program Files (x86)\Java\jdk1.8.0_60\jre\bin\t2k.dll
0x77480000 - 0x7750d000 	C:\WINDOWS\SYSTEM32\clbcatq.dll
0x69a30000 - 0x69b9b000 	C:\WINDOWS\SYSTEM32\WindowsCodecs.dll
0x74f40000 - 0x74f59000 	C:\WINDOWS\SYSTEM32\CRYPTSP.dll
0x74f10000 - 0x74f40000 	C:\WINDOWS\system32\rsaenh.dll
0x74ef0000 - 0x74f0e000 	C:\WINDOWS\SYSTEM32\bcrypt.dll
0x676c0000 - 0x676e4000 	C:\Program Files (x86)\Java\jdk1.8.0_60\jre\bin\dcpr.dll
0x66c30000 - 0x66d1e000 	C:\Program Files (x86)\Java\jdk1.8.0_60\jre\bin\msvcr120.dll
0x66d20000 - 0x66d91000 	C:\Program Files (x86)\Java\jdk1.8.0_60\jre\bin\msvcp120.dll
0x66e30000 - 0x66e4f000 	C:\Program Files (x86)\Java\jdk1.8.0_60\jre\bin\prism_d3d.dll
0x729b0000 - 0x72b83000 	C:\WINDOWS\system32\d3d9.dll
0x6ed40000 - 0x6ee50000 	C:\WINDOWS\SYSTEM32\aticfx32.dll
0x66e50000 - 0x66e6b000 	C:\WINDOWS\SYSTEM32\atiu9pag.dll
0x678c0000 - 0x68a93000 	C:\WINDOWS\SYSTEM32\igdumdim32.dll
0x6ce10000 - 0x6d17b000 	C:\WINDOWS\SYSTEM32\igdusc32.dll
0x66f90000 - 0x675df000 	C:\WINDOWS\SYSTEM32\atiumdag.dll
0x69c80000 - 0x6a46e000 	C:\WINDOWS\SYSTEM32\atiumdva.dll
0x675e0000 - 0x67613000 	C:\Program Files (x86)\Java\jdk1.8.0_60\jre\bin\glass.dll
0x76760000 - 0x767fb000 	C:\WINDOWS\SYSTEM32\COMDLG32.dll
0x69a10000 - 0x69a21000 	C:\Program Files (x86)\Java\jdk1.8.0_60\jre\bin\javafx_font.dll
0x6f390000 - 0x6f511000 	C:\WINDOWS\SYSTEM32\dwrite.dll
0x69bf0000 - 0x69bff000 	C:\Program Files (x86)\Java\jdk1.8.0_60\jre\bin\prism_common.dll
0x74080000 - 0x741c1000 	C:\WINDOWS\SYSTEM32\dbghelp.dll

VM Arguments:
jvm_args: -Dfile.encoding=UTF-8 -Xmx1536m 
java_command: GUI.Principal
java_class_path (initial): C:\Users\Lucas\Documents\NetBeansProjects\TrabalhoAED\lib\commons-lang3-3.4.jar;C:\Users\Lucas\Documents\NetBeansProjects\TrabalhoAED\build\classes
Launcher Type: SUN_STANDARD

Environment Variables:
JAVA_HOME=C:\Program Files\Java\jdk1.7.0_17
PATH=C:\ProgramData\Oracle\Java\javapath;C:\Python27\;C:\Program Files (x86)\Intel\iCLS Client\;C:\Program Files\Intel\iCLS Client\;C:\WINDOWS\system32;C:\WINDOWS;C:\WINDOWS\System32\Wbem;C:\WINDOWS\System32\WindowsPowerShell\v1.0\;C:\Program Files (x86)\Windows Live\Shared;C:\Program Files\Intel\Intel(R) Management Engine Components\DAL;C:\Program Files\Intel\Intel(R) Management Engine Components\IPT;C:\Program Files (x86)\Intel\Intel(R) Management Engine Components\DAL;C:\Program Files (x86)\Intel\Intel(R) Management Engine Components\IPT;C:\Program Files (x86)\ATI Technologies\ATI.ACE\Core-Static;C:\Program Files\Java\jdk1.7.0_17\bin;C:\Program Files\MiKTeX 2.9\miktex\bin\x64\;C:\Program Files\Microsoft SQL Server\110\Tools\Binn\;C:\ant\apache-ant-1.9.4/bin;C:\apache-maven-3.3.1\bin;c:\cygwin64\bin;C:\MinGW\bin;C:\Program Files\Microsoft SQL Server\120\Tools\Binn\;C:\Program Files (x86)\Skype\Phone\;C:\Program Files (x86)\Windows Kits\8.1\Windows Performance Toolkit\;C:\Program Files\TortoiseSVN\bin
USERNAME=Lucas
OS=Windows_NT
PROCESSOR_IDENTIFIER=Intel64 Family 6 Model 58 Stepping 9, GenuineIntel



---------------  S Y S T E M  ---------------

OS: Windows 8.1 , 64 bit Build 9600 (6.3.9600.17415)

CPU:total 4 (2 cores per cpu, 2 threads per core) family 6 model 58 stepping 9, cmov, cx8, fxsr, mmx, sse, sse2, sse3, ssse3, sse4.1, sse4.2, popcnt, avx, aes, clmul, erms, ht, tsc, tscinvbit, tscinv

Memory: 4k page, physical 4070680k(1437200k free), swap 8264984k(3941808k free)

vm_info: Java HotSpot(TM) Client VM (25.60-b23) for windows-x86 JRE (1.8.0_60-b27), built on Aug  4 2015 10:57:40 by "java_re" with MS VC++ 10.0 (VS2010)

time: Fri Nov 06 16:09:35 2015
elapsed time: 13 seconds (0d 0h 0m 13s)

