#
# A fatal error has been detected by the Java Runtime Environment:
#
#  EXCEPTION_ACCESS_VIOLATION (0xc0000005) at pc=0x690459e0, pid=7332, tid=16156
#
# JRE version: Java(TM) SE Runtime Environment (8.0_60-b27) (build 1.8.0_60-b27)
# Java VM: Java HotSpot(TM) Client VM (25.60-b23 mixed mode windows-x86 )
# Problematic frame:
# C  [prism_common.dll+0x59e0]
#
# Failed to write core dump. Minidumps are not enabled by default on client versions of Windows
#
# If you would like to submit a bug report, please visit:
#   http://bugreport.java.com/bugreport/crash.jsp
# The crash happened outside the Java Virtual Machine in native code.
# See problematic frame for where to report the bug.
#

---------------  T H R E A D  ---------------

Current thread (0x65dccc00):  JavaThread "QuantumRenderer-0" daemon [_thread_in_native, id=16156, stack(0x65940000,0x65990000)]

siginfo: ExceptionCode=0xc0000005, writing address 0x00000000

Registers:
EAX=0x43c00000, EBX=0x00000018, ECX=0x00000000, EDX=0x00000004
ESP=0x6598e6d4, EBP=0x002a7ffd, ESI=0x6598e918, EDI=0x00000008
EIP=0x690459e0, EFLAGS=0x00210203

Top of Stack: (sp=0x6598e6d4)
0x6598e6d4:   6598e76c 00000004 6598e9c0 6598e918
0x6598e6e4:   45c01885 00a9fff4 3f800000 00a9fff6
0x6598e6f4:   00000000 00000f48 0153fff6 00000000
0x6598e704:   00000f60 40aec000 69044edd fffffff8
0x6598e714:   45c01885 45748000 45c01885 00000004
0x6598e724:   6598ea88 6904a09f 6598e918 45c01885
0x6598e734:   45760000 69046f05 6598e8c8 443ed885
0x6598e744:   43e78000 00000000 6598ea88 3f000000 

Instructions: (pc=0x690459e0)
0x690459c0:   45 89 44 24 3c 8d 14 ad 00 00 00 00 89 54 24 14
0x690459d0:   8b 54 24 4c 8d 0c 38 8b 46 40 8d 5b 10 8b 04 01
0x690459e0:   89 47 f8 8b 46 40 8b 44 01 04 8d 0c 3a 89 47 fc
0x690459f0:   8d 7f 10 8b 46 40 8b 44 03 f0 89 47 f0 8b 46 40 


Register to memory mapping:

EAX=0x43c00000 is pointing into object: 0x43bf3778
[F 
 - klass: {type array float}
 - length: 85280
EBX=0x00000018 is an unknown value
ECX=0x00000000 is an unknown value
EDX=0x00000004 is an unknown value
ESP=0x6598e6d4 is pointing into the stack for thread: 0x65dccc00
EBP=0x002a7ffd is an unknown value
ESI=0x6598e918 is pointing into the stack for thread: 0x65dccc00
EDI=0x00000008 is an unknown value


Stack: [0x65940000,0x65990000],  sp=0x6598e6d4,  free space=313k
Native frames: (J=compiled Java code, j=interpreted, Vv=VM code, C=native code)
C  [prism_common.dll+0x59e0]

Java frames: (J=compiled Java code, j=interpreted, Vv=VM code)
j  com.sun.prism.impl.shape.NativePiscesRasterizer.produceStrokeAlphas([F[BIFIIF[FFDDDDDD[I[B)V+0
j  com.sun.prism.impl.shape.NativePiscesRasterizer.getMaskData(Lcom/sun/javafx/geom/Shape;Lcom/sun/prism/BasicStroke;Lcom/sun/javafx/geom/RectBounds;Lcom/sun/javafx/geom/transform/BaseTransform;ZZ)Lcom/sun/prism/impl/shape/MaskData;+487
j  com.sun.prism.impl.shape.ShapeUtil.rasterizeShape(Lcom/sun/javafx/geom/Shape;Lcom/sun/prism/BasicStroke;Lcom/sun/javafx/geom/RectBounds;Lcom/sun/javafx/geom/transform/BaseTransform;ZZ)Lcom/sun/prism/impl/shape/MaskData;+11
j  com.sun.prism.impl.ps.BaseShaderGraphics.renderShape(Lcom/sun/javafx/geom/Shape;Lcom/sun/prism/BasicStroke;FFFF)V+40
j  com.sun.prism.impl.BaseGraphics.draw(Lcom/sun/javafx/geom/Shape;)V+136
j  com.sun.prism.impl.ps.CachingShapeRepState.drawNoCache(Lcom/sun/prism/Graphics;Lcom/sun/javafx/geom/Shape;)V+2
j  com.sun.prism.impl.ps.CachingShapeRepState.render(Lcom/sun/prism/Graphics;Lcom/sun/javafx/geom/Shape;Lcom/sun/javafx/geom/RectBounds;Lcom/sun/prism/BasicStroke;)V+241
j  com.sun.prism.impl.ps.CachingShapeRep.draw(Lcom/sun/prism/Graphics;Lcom/sun/javafx/geom/Shape;Lcom/sun/javafx/geom/BaseBounds;)V+31
j  com.sun.javafx.sg.prism.NGShape.renderContent2D(Lcom/sun/prism/Graphics;Z)V+144
j  com.sun.javafx.sg.prism.NGShape.renderContent(Lcom/sun/prism/Graphics;)V+454
j  com.sun.javafx.sg.prism.NGNode.doRender(Lcom/sun/prism/Graphics;)V+330
j  com.sun.javafx.sg.prism.NGNode.render(Lcom/sun/prism/Graphics;)V+34
j  com.sun.javafx.sg.prism.NGGroup.renderContent(Lcom/sun/prism/Graphics;)V+160
j  com.sun.javafx.sg.prism.NGNode.renderForClip(Lcom/sun/prism/Graphics;)V+17
j  com.sun.javafx.sg.prism.NGNode.renderRectClip(Lcom/sun/prism/Graphics;Lcom/sun/javafx/sg/prism/NGRectangle;)V+106
j  com.sun.javafx.sg.prism.NGNode.renderClip(Lcom/sun/prism/Graphics;)V+83
j  com.sun.javafx.sg.prism.NGNode.doRender(Lcom/sun/prism/Graphics;)V+285
j  com.sun.javafx.sg.prism.NGNode.render(Lcom/sun/prism/Graphics;)V+34
j  com.sun.javafx.sg.prism.NGGroup.renderContent(Lcom/sun/prism/Graphics;)V+160
j  com.sun.javafx.sg.prism.NGRegion.renderContent(Lcom/sun/prism/Graphics;)V+111
j  com.sun.javafx.sg.prism.NGNode.doRender(Lcom/sun/prism/Graphics;)V+330
j  com.sun.javafx.sg.prism.NGNode.render(Lcom/sun/prism/Graphics;)V+34
j  com.sun.javafx.sg.prism.NGGroup.renderContent(Lcom/sun/prism/Graphics;)V+160
j  com.sun.javafx.sg.prism.NGRegion.renderContent(Lcom/sun/prism/Graphics;)V+111
j  com.sun.javafx.sg.prism.NGNode.doRender(Lcom/sun/prism/Graphics;)V+330
j  com.sun.javafx.sg.prism.NGNode.render(Lcom/sun/prism/Graphics;)V+34
j  com.sun.javafx.tk.quantum.ViewPainter.doPaint(Lcom/sun/prism/Graphics;Lcom/sun/javafx/sg/prism/NodePath;)V+201
j  com.sun.javafx.tk.quantum.ViewPainter.paintImpl(Lcom/sun/prism/Graphics;)V+982
j  com.sun.javafx.tk.quantum.UploadingPainter.run()V+719
j  java.util.concurrent.Executors$RunnableAdapter.call()Ljava/lang/Object;+4
j  java.util.concurrent.FutureTask.runAndReset()Z+47
j  com.sun.javafx.tk.RenderJob.run()V+1
j  java.util.concurrent.ThreadPoolExecutor.runWorker(Ljava/util/concurrent/ThreadPoolExecutor$Worker;)V+95
j  java.util.concurrent.ThreadPoolExecutor$Worker.run()V+5
j  com.sun.javafx.tk.quantum.QuantumRenderer$PipelineRunnable.run()V+8
j  java.lang.Thread.run()V+11
v  ~StubRoutines::call_stub

---------------  P R O C E S S  ---------------

Java Threads: ( => current thread )
  0x65ec4400 JavaThread "Prism Font Disposer" daemon [_thread_blocked, id=4808, stack(0x6c410000,0x6c460000)]
  0x65ec2000 JavaThread "Image Fetcher 1" daemon [_thread_blocked, id=5524, stack(0x6c200000,0x6c250000)]
  0x65ec4000 JavaThread "Image Fetcher 0" daemon [_thread_blocked, id=14788, stack(0x6c170000,0x6c1c0000)]
  0x65dfe400 JavaThread "Thread-4" daemon [_thread_in_native, id=6352, stack(0x699d0000,0x69a20000)]
  0x65de3400 JavaThread "JavaFX Application Thread" [_thread_in_vm, id=17196, stack(0x67600000,0x67650000)]
  0x65dc5c00 JavaThread "Thread-3" daemon [_thread_blocked, id=13252, stack(0x65aa0000,0x65af0000)]
=>0x65dccc00 JavaThread "QuantumRenderer-0" daemon [_thread_in_native, id=16156, stack(0x65940000,0x65990000)]
  0x65c81c00 JavaThread "SwingWorker-pool-1-thread-1" daemon [_thread_blocked, id=8944, stack(0x65730000,0x65780000)]
  0x65bf1800 JavaThread "TimerQueue" daemon [_thread_blocked, id=12596, stack(0x662d0000,0x66320000)]
  0x003cc000 JavaThread "DestroyJavaVM" [_thread_blocked, id=2772, stack(0x002e0000,0x00330000)]
  0x64b78c00 JavaThread "AWT-EventQueue-0" [_thread_blocked, id=3928, stack(0x66140000,0x66190000)]
  0x64b6e000 JavaThread "AWT-Windows" daemon [_thread_in_native, id=10796, stack(0x655a0000,0x655f0000)]
  0x64b3e000 JavaThread "AWT-Shutdown" [_thread_blocked, id=17184, stack(0x65510000,0x65560000)]
  0x64b3d400 JavaThread "Java2D Disposer" daemon [_thread_blocked, id=8976, stack(0x65480000,0x654d0000)]
  0x649cb800 JavaThread "Service Thread" daemon [_thread_blocked, id=6264, stack(0x64f70000,0x64fc0000)]
  0x649adc00 JavaThread "C1 CompilerThread0" daemon [_thread_blocked, id=13776, stack(0x64ee0000,0x64f30000)]
  0x649acc00 JavaThread "Attach Listener" daemon [_thread_blocked, id=14636, stack(0x64e50000,0x64ea0000)]
  0x649aac00 JavaThread "Signal Dispatcher" daemon [_thread_blocked, id=12260, stack(0x64e00000,0x64e50000)]
  0x64988000 JavaThread "Finalizer" daemon [_thread_blocked, id=912, stack(0x03f30000,0x03f80000)]
  0x64983400 JavaThread "Reference Handler" daemon [_thread_blocked, id=16208, stack(0x03ee0000,0x03f30000)]

Other Threads:
  0x0094d000 VMThread [stack: 0x003d0000,0x00420000] [id=8724]
  0x649e2c00 WatcherThread [stack: 0x65000000,0x65050000] [id=15916]

VM state:not at safepoint (normal execution)

VM Mutex/Monitor currently owned by a thread: None

Heap:
 def new generation   total 51648K, used 51648K [0x04000000, 0x07800000, 0x24000000)
  eden space 45952K, 100% used [0x04000000, 0x06ce0000, 0x06ce0000)
  from space 5696K, 100% used [0x07270000, 0x07800000, 0x07800000)
  to   space 5696K,   0% used [0x06ce0000, 0x06ce0000, 0x07270000)
 tenured generation   total 545960K, used 545935K [0x24000000, 0x4552a000, 0x64000000)
   the space 545960K,  99% used [0x24000000, 0x455240c0, 0x45524200, 0x4552a000)
 Metaspace       used 13592K, capacity 14038K, committed 14080K, reserved 14720K

Card table byte_map: [0x64000000,0x64310000] byte_map_base: 0x63fe0000

Polling page: 0x00330000

CodeCache: size=32768Kb used=4080Kb max_used=4080Kb free=28687Kb
 bounds [0x01ee0000, 0x022e0000, 0x03ee0000]
 total_blobs=2733 nmethods=2316 adapters=347
 compilation: enabled

Compilation events (10 events):
Event: 14.257 Thread 0x649adc00 2321   !         java.lang.ref.Finalizer::add (41 bytes)
Event: 14.257 Thread 0x649adc00 nmethod 2321 0x022d9788 code [0x022d9890, 0x022d9ad0]
Event: 14.260 Thread 0x649adc00 2322             javafx.scene.Parent::impl_pickNodeLocal (84 bytes)
Event: 14.260 Thread 0x649adc00 nmethod 2322 0x022d9fc8 code [0x022da120, 0x022da394]
Event: 14.261 Thread 0x649adc00 2323             com.sun.prism.impl.shape.OpenPiscesPrismUtils::feedConsumer (156 bytes)
Event: 14.262 Thread 0x649adc00 nmethod 2323 0x022da648 code [0x022da7c0, 0x022dab14]
Event: 14.262 Thread 0x649adc00 2324             com.sun.javafx.geom.Path2D::pointCrossings (394 bytes)
Event: 14.263 Thread 0x649adc00 nmethod 2324 0x022dae88 code [0x022dafe0, 0x022db588]
Event: 14.570 Thread 0x649adc00 2325             java.util.concurrent.atomic.AtomicBoolean::get (13 bytes)
Event: 14.570 Thread 0x649adc00 nmethod 2325 0x022dbac8 code [0x022dbbc0, 0x022dbc50]

GC Heap History (10 events):
Event: 10.411 GC heap before
{Heap before GC invocations=154 (full 4):
 def new generation   total 29632K, used 29632K [0x04000000, 0x06020000, 0x24000000)
  eden space 26368K, 100% used [0x04000000, 0x059c0000, 0x059c0000)
  from space 3264K, 100% used [0x05cf0000, 0x06020000, 0x06020000)
  to   space 3264K,   0% used [0x059c0000, 0x059c0000, 0x05cf0000)
 tenured generation   total 65700K, used 40613K [0x24000000, 0x28029000, 0x64000000)
   the space 65700K,  61% used [0x24000000, 0x267a9518, 0x267a9600, 0x28029000)
 Metaspace       used 12925K, capacity 13263K, committed 13312K, reserved 13696K
Event: 10.445 GC heap after
Heap after GC invocations=155 (full 4):
 def new generation   total 29632K, used 3264K [0x04000000, 0x06020000, 0x24000000)
  eden space 26368K,   0% used [0x04000000, 0x04000000, 0x059c0000)
  from space 3264K, 100% used [0x059c0000, 0x05cf0000, 0x05cf0000)
  to   space 3264K,   0% used [0x05cf0000, 0x05cf0000, 0x06020000)
 tenured generation   total 65700K, used 47011K [0x24000000, 0x28029000, 0x64000000)
   the space 65700K,  71% used [0x24000000, 0x26de8f38, 0x26de9000, 0x28029000)
 Metaspace       used 12925K, capacity 13263K, committed 13312K, reserved 13696K
}
Event: 10.780 GC heap before
{Heap before GC invocations=155 (full 4):
 def new generation   total 29632K, used 29632K [0x04000000, 0x06020000, 0x24000000)
  eden space 26368K, 100% used [0x04000000, 0x059c0000, 0x059c0000)
  from space 3264K, 100% used [0x059c0000, 0x05cf0000, 0x05cf0000)
  to   space 3264K,   0% used [0x05cf0000, 0x05cf0000, 0x06020000)
 tenured generation   total 65700K, used 47011K [0x24000000, 0x28029000, 0x64000000)
   the space 65700K,  71% used [0x24000000, 0x26de8f38, 0x26de9000, 0x28029000)
 Metaspace       used 13097K, capacity 13457K, committed 13568K, reserved 13696K
Event: 10.808 GC heap after
Heap after GC invocations=156 (full 4):
 def new generation   total 29632K, used 3264K [0x04000000, 0x06020000, 0x24000000)
  eden space 26368K,   0% used [0x04000000, 0x04000000, 0x059c0000)
  from space 3264K, 100% used [0x05cf0000, 0x06020000, 0x06020000)
  to   space 3264K,   0% used [0x059c0000, 0x059c0000, 0x05cf0000)
 tenured generation   total 65700K, used 52553K [0x24000000, 0x28029000, 0x64000000)
   the space 65700K,  79% used [0x24000000, 0x273525e0, 0x27352600, 0x28029000)
 Metaspace       used 13097K, capacity 13457K, committed 13568K, reserved 13696K
}
Event: 11.834 GC heap before
{Heap before GC invocations=156 (full 4):
 def new generation   total 29632K, used 29632K [0x04000000, 0x06020000, 0x24000000)
  eden space 26368K, 100% used [0x04000000, 0x059c0000, 0x059c0000)
  from space 3264K, 100% used [0x05cf0000, 0x06020000, 0x06020000)
  to   space 3264K,   0% used [0x059c0000, 0x059c0000, 0x05cf0000)
 tenured generation   total 65700K, used 52553K [0x24000000, 0x28029000, 0x64000000)
   the space 65700K,  79% used [0x24000000, 0x273525e0, 0x27352600, 0x28029000)
 Metaspace       used 13115K, capacity 13489K, committed 13568K, reserved 13696K
Event: 11.854 GC heap after
Heap after GC invocations=157 (full 4):
 def new generation   total 29632K, used 3264K [0x04000000, 0x06020000, 0x24000000)
  eden space 26368K,   0% used [0x04000000, 0x04000000, 0x059c0000)
  from space 3264K, 100% used [0x059c0000, 0x05cf0000, 0x05cf0000)
  to   space 3264K,   0% used [0x05cf0000, 0x05cf0000, 0x06020000)
 tenured generation   total 65700K, used 57328K [0x24000000, 0x28029000, 0x64000000)
   the space 65700K,  87% used [0x24000000, 0x277fc2c0, 0x277fc400, 0x28029000)
 Metaspace       used 13115K, capacity 13489K, committed 13568K, reserved 13696K
}
Event: 12.300 GC heap before
{Heap before GC invocations=157 (full 4):
 def new generation   total 29632K, used 29632K [0x04000000, 0x06020000, 0x24000000)
  eden space 26368K, 100% used [0x04000000, 0x059c0000, 0x059c0000)
  from space 3264K, 100% used [0x059c0000, 0x05cf0000, 0x05cf0000)
  to   space 3264K,   0% used [0x05cf0000, 0x05cf0000, 0x06020000)
 tenured generation   total 65700K, used 57328K [0x24000000, 0x28029000, 0x64000000)
   the space 65700K,  87% used [0x24000000, 0x277fc2c0, 0x277fc400, 0x28029000)
 Metaspace       used 13129K, capacity 13489K, committed 13568K, reserved 13696K
Event: 12.492 GC heap after
Heap after GC invocations=158 (full 5):
 def new generation   total 51648K, used 3187K [0x04000000, 0x07800000, 0x24000000)
  eden space 45952K,   6% used [0x04000000, 0x0431cf10, 0x06ce0000)
  from space 5696K,   0% used [0x06ce0000, 0x06ce0000, 0x07270000)
  to   space 5696K,   0% used [0x07270000, 0x07270000, 0x07800000)
 tenured generation   total 114612K, used 68765K [0x24000000, 0x2afed000, 0x64000000)
   the space 114612K,  59% used [0x24000000, 0x283276c0, 0x28327800, 0x2afed000)
 Metaspace       used 13129K, capacity 13489K, committed 13568K, reserved 13696K
}
Event: 13.728 GC heap before
{Heap before GC invocations=158 (full 5):
 def new generation   total 51648K, used 45952K [0x04000000, 0x07800000, 0x24000000)
  eden space 45952K, 100% used [0x04000000, 0x06ce0000, 0x06ce0000)
  from space 5696K,   0% used [0x06ce0000, 0x06ce0000, 0x07270000)
  to   space 5696K,   0% used [0x07270000, 0x07270000, 0x07800000)
 tenured generation   total 114612K, used 68765K [0x24000000, 0x2afed000, 0x64000000)
   the space 114612K,  59% used [0x24000000, 0x283276c0, 0x28327800, 0x2afed000)
 Metaspace       used 13253K, capacity 13668K, committed 13696K, reserved 13696K
Event: 13.784 GC heap after
Heap after GC invocations=159 (full 5):
 def new generation   total 51648K, used 5696K [0x04000000, 0x07800000, 0x24000000)
  eden space 45952K,   0% used [0x04000000, 0x04000000, 0x06ce0000)
  from space 5696K, 100% used [0x07270000, 0x07800000, 0x07800000)
  to   space 5696K,   0% used [0x06ce0000, 0x06ce0000, 0x07270000)
 tenured generation   total 114612K, used 74871K [0x24000000, 0x2afed000, 0x64000000)
   the space 114612K,  65% used [0x24000000, 0x2891dea8, 0x2891e000, 0x2afed000)
 Metaspace       used 13253K, capacity 13668K, committed 13696K, reserved 13696K
}

Deoptimization events (0 events):
No events

Internal exceptions (10 events):
Event: 0.251 Thread 0x003cc000 Exception <a 'java/lang/ClassNotFoundException': ToolTip> (0x04390cf8) thrown at [D:\re\puppet\workspace\8-2-build-windows-i586-cygwin\jdk8u60\4407\hotspot\src\share\vm\classfile\systemDictionary.cpp, line 210]
Event: 0.252 Thread 0x003cc000 Exception <a 'java/lang/ClassNotFoundException': Tree> (0x043917e0) thrown at [D:\re\puppet\workspace\8-2-build-windows-i586-cygwin\jdk8u60\4407\hotspot\src\share\vm\classfile\systemDictionary.cpp, line 210]
Event: 0.252 Thread 0x003cc000 Exception <a 'java/lang/ClassNotFoundException': Tree> (0x04391e80) thrown at [D:\re\puppet\workspace\8-2-build-windows-i586-cygwin\jdk8u60\4407\hotspot\src\share\vm\classfile\systemDictionary.cpp, line 210]
Event: 0.252 Thread 0x003cc000 Exception <a 'java/lang/ClassNotFoundException': javax/swing/JTreeCell> (0x043921b8) thrown at [D:\re\puppet\workspace\8-2-build-windows-i586-cygwin\jdk8u60\4407\hotspot\src\share\vm\classfile\systemDictionary.cpp, line 210]
Event: 0.252 Thread 0x003cc000 Exception <a 'java/lang/ClassNotFoundException': TreeCell> (0x04392600) thrown at [D:\re\puppet\workspace\8-2-build-windows-i586-cygwin\jdk8u60\4407\hotspot\src\share\vm\classfile\systemDictionary.cpp, line 210]
Event: 0.253 Thread 0x003cc000 Exception <a 'java/lang/ClassNotFoundException': RootPane> (0x04392f78) thrown at [D:\re\puppet\workspace\8-2-build-windows-i586-cygwin\jdk8u60\4407\hotspot\src\share\vm\classfile\systemDictionary.cpp, line 210]
Event: 7.952 Thread 0x64b78c00 Exception <a 'java/lang/NullPointerException'> (0x043f8240) thrown at [D:\re\puppet\workspace\8-2-build-windows-i586-cygwin\jdk8u60\4407\hotspot\src\share\vm\interpreter\linkResolver.cpp, line 1178]
Event: 8.029 Thread 0x65de3400 Exception <a 'java/lang/NullPointerException'> (0x042cffa0) thrown at [D:\re\puppet\workspace\8-2-build-windows-i586-cygwin\jdk8u60\4407\hotspot\src\share\vm\interpreter\linkResolver.cpp, line 1178]
Event: 8.029 Thread 0x65de3400 Exception <a 'java/lang/NullPointerException'> (0x042cffa0) thrown at [D:\re\puppet\workspace\8-2-build-windows-i586-cygwin\jdk8u60\4407\hotspot\src\share\vm\prims\jvm.cpp, line 1390]
Event: 9.459 Thread 0x65de3400 Implicit null exception at 0x020d57d3 to 0x020d59c9

Events (10 events):
Event: 14.258 loading class java/util/regex/ASCII
Event: 14.258 loading class java/util/regex/ASCII done
Event: 14.259 loading class javafx/event/Event
Event: 14.259 loading class javafx/event/Event done
Event: 14.259 loading class javafx/event/Event
Event: 14.259 loading class javafx/event/Event done
Event: 14.259 loading class javafx/scene/Node
Event: 14.259 loading class javafx/scene/Node done
Event: 14.271 Executing VM operation: GenCollectForAllocation
Event: 14.271 Executing VM operation: GenCollectForAllocation done


Dynamic libraries:
0x00aa0000 - 0x00ad3000 	C:\Program Files (x86)\Java\jdk1.8.0_60\bin\java.exe
0x77bb0000 - 0x77d1e000 	C:\WINDOWS\SYSTEM32\ntdll.dll
0x77340000 - 0x77480000 	C:\WINDOWS\SYSTEM32\KERNEL32.DLL
0x76990000 - 0x76a67000 	C:\WINDOWS\SYSTEM32\KERNELBASE.dll
0x74360000 - 0x74400000 	C:\WINDOWS\system32\apphelp.dll
0x69580000 - 0x697e6000 	C:\WINDOWS\AppPatch\AcGenral.DLL
0x76690000 - 0x76753000 	C:\WINDOWS\SYSTEM32\msvcrt.dll
0x77570000 - 0x775b1000 	C:\WINDOWS\SYSTEM32\sechost.dll
0x753a0000 - 0x753be000 	C:\WINDOWS\SYSTEM32\SspiCli.dll
0x772f0000 - 0x77335000 	C:\WINDOWS\SYSTEM32\SHLWAPI.dll
0x741d0000 - 0x742bd000 	C:\WINDOWS\SYSTEM32\UxTheme.dll
0x76a70000 - 0x76bc3000 	C:\WINDOWS\SYSTEM32\USER32.dll
0x76ec0000 - 0x76fcf000 	C:\WINDOWS\SYSTEM32\GDI32.dll
0x73d90000 - 0x73db3000 	C:\WINDOWS\SYSTEM32\WINMM.dll
0x736b0000 - 0x736c3000 	C:\WINDOWS\SYSTEM32\samcli.dll
0x77890000 - 0x779b9000 	C:\WINDOWS\SYSTEM32\ole32.dll
0x76cb0000 - 0x76d45000 	C:\WINDOWS\SYSTEM32\OLEAUT32.dll
0x69560000 - 0x69577000 	C:\WINDOWS\SYSTEM32\MSACM32.dll
0x74fa0000 - 0x74fa8000 	C:\WINDOWS\SYSTEM32\VERSION.dll
0x753c0000 - 0x7667c000 	C:\WINDOWS\SYSTEM32\SHELL32.dll
0x75280000 - 0x7529b000 	C:\WINDOWS\SYSTEM32\USERENV.dll
0x74340000 - 0x7435a000 	C:\WINDOWS\SYSTEM32\dwmapi.dll
0x73410000 - 0x7355b000 	C:\WINDOWS\SYSTEM32\urlmon.dll
0x77a60000 - 0x77adc000 	C:\WINDOWS\SYSTEM32\ADVAPI32.dll
0x69c10000 - 0x69c75000 	C:\WINDOWS\SYSTEM32\WINSPOOL.DRV
0x74bb0000 - 0x74bc6000 	C:\WINDOWS\SYSTEM32\MPR.dll
0x777d0000 - 0x7788a000 	C:\WINDOWS\SYSTEM32\RPCRT4.dll
0x75390000 - 0x7539a000 	C:\WINDOWS\SYSTEM32\CRYPTBASE.dll
0x77650000 - 0x777cd000 	C:\WINDOWS\SYSTEM32\combase.dll
0x72980000 - 0x729a3000 	C:\WINDOWS\SYSTEM32\WINMMBASE.dll
0x74f60000 - 0x74f6f000 	C:\WINDOWS\SYSTEM32\profapi.dll
0x73840000 - 0x73a72000 	C:\WINDOWS\SYSTEM32\iertutil.dll
0x73a80000 - 0x73c73000 	C:\WINDOWS\SYSTEM32\WININET.dll
0x75330000 - 0x75384000 	C:\WINDOWS\SYSTEM32\bcryptPrimitives.dll
0x77190000 - 0x771cc000 	C:\WINDOWS\SYSTEM32\cfgmgr32.dll
0x74ec0000 - 0x74ee1000 	C:\WINDOWS\SYSTEM32\DEVOBJ.dll
0x752a0000 - 0x7532b000 	C:\WINDOWS\SYSTEM32\SHCORE.DLL
0x779c0000 - 0x779e7000 	C:\WINDOWS\system32\IMM32.DLL
0x771d0000 - 0x772e2000 	C:\WINDOWS\SYSTEM32\MSCTF.dll
0x74780000 - 0x74986000 	C:\WINDOWS\WinSxS\x86_microsoft.windows.common-controls_6595b64144ccf1df_6.0.9600.18006_none_a9ec6aab013aafee\COMCTL32.dll
0x694a0000 - 0x6955f000 	C:\Program Files (x86)\Java\jdk1.8.0_60\jre\bin\msvcr100.dll
0x690d0000 - 0x69495000 	C:\Program Files (x86)\Java\jdk1.8.0_60\jre\bin\client\jvm.dll
0x74e20000 - 0x74e28000 	C:\WINDOWS\SYSTEM32\WSOCK32.dll
0x76bd0000 - 0x76bd6000 	C:\WINDOWS\SYSTEM32\PSAPI.DLL
0x77a10000 - 0x77a60000 	C:\WINDOWS\SYSTEM32\WS2_32.dll
0x77510000 - 0x77517000 	C:\WINDOWS\SYSTEM32\NSI.dll
0x690c0000 - 0x690cc000 	C:\Program Files (x86)\Java\jdk1.8.0_60\jre\bin\verify.dll
0x69090000 - 0x690b1000 	C:\Program Files (x86)\Java\jdk1.8.0_60\jre\bin\java.dll
0x69070000 - 0x69083000 	C:\Program Files (x86)\Java\jdk1.8.0_60\jre\bin\zip.dll
0x67770000 - 0x678b5000 	C:\Program Files (x86)\Java\jdk1.8.0_60\jre\bin\awt.dll
0x75270000 - 0x75279000 	C:\WINDOWS\SYSTEM32\kernel.appcore.dll
0x67730000 - 0x67769000 	C:\Program Files (x86)\Java\jdk1.8.0_60\jre\bin\fontmanager.dll
0x69050000 - 0x69065000 	C:\Program Files (x86)\Java\jdk1.8.0_60\jre\bin\net.dll
0x750f0000 - 0x7513b000 	C:\WINDOWS\system32\mswsock.dll
0x67720000 - 0x6772f000 	C:\Program Files (x86)\Java\jdk1.8.0_60\jre\bin\nio.dll
0x676f0000 - 0x67720000 	C:\Program Files (x86)\Java\jdk1.8.0_60\jre\bin\t2k.dll
0x77480000 - 0x7750d000 	C:\WINDOWS\SYSTEM32\clbcatq.dll
0x69a30000 - 0x69b9b000 	C:\WINDOWS\SYSTEM32\WindowsCodecs.dll
0x74f40000 - 0x74f59000 	C:\WINDOWS\SYSTEM32\CRYPTSP.dll
0x74f10000 - 0x74f40000 	C:\WINDOWS\system32\rsaenh.dll
0x74ef0000 - 0x74f0e000 	C:\WINDOWS\SYSTEM32\bcrypt.dll
0x676c0000 - 0x676e4000 	C:\Program Files (x86)\Java\jdk1.8.0_60\jre\bin\dcpr.dll
0x65790000 - 0x6587e000 	C:\Program Files (x86)\Java\jdk1.8.0_60\jre\bin\msvcr120.dll
0x65880000 - 0x658f1000 	C:\Program Files (x86)\Java\jdk1.8.0_60\jre\bin\msvcp120.dll
0x65990000 - 0x659af000 	C:\Program Files (x86)\Java\jdk1.8.0_60\jre\bin\prism_d3d.dll
0x729b0000 - 0x72b83000 	C:\WINDOWS\system32\d3d9.dll
0x6ed40000 - 0x6ee50000 	C:\WINDOWS\SYSTEM32\aticfx32.dll
0x659b0000 - 0x659cb000 	C:\WINDOWS\SYSTEM32\atiu9pag.dll
0x678c0000 - 0x68a93000 	C:\WINDOWS\SYSTEM32\igdumdim32.dll
0x6ce10000 - 0x6d17b000 	C:\WINDOWS\SYSTEM32\igdusc32.dll
0x66c30000 - 0x6727f000 	C:\WINDOWS\SYSTEM32\atiumdag.dll
0x69c80000 - 0x6a46e000 	C:\WINDOWS\SYSTEM32\atiumdva.dll
0x65a20000 - 0x65a53000 	C:\Program Files (x86)\Java\jdk1.8.0_60\jre\bin\glass.dll
0x76760000 - 0x767fb000 	C:\WINDOWS\SYSTEM32\COMDLG32.dll
0x69ba0000 - 0x69bb1000 	C:\Program Files (x86)\Java\jdk1.8.0_60\jre\bin\javafx_font.dll
0x6f390000 - 0x6f511000 	C:\WINDOWS\SYSTEM32\dwrite.dll
0x69040000 - 0x6904f000 	C:\Program Files (x86)\Java\jdk1.8.0_60\jre\bin\prism_common.dll
0x74080000 - 0x741c1000 	C:\WINDOWS\SYSTEM32\dbghelp.dll

VM Arguments:
jvm_args: -Dfile.encoding=UTF-8 -Xmx1536m 
java_command: GUI.Principal
java_class_path (initial): C:\Users\Lucas\Documents\NetBeansProjects\TrabalhoAED\lib\commons-lang3-3.4.jar;C:\Users\Lucas\Documents\NetBeansProjects\TrabalhoAED\build\classes
Launcher Type: SUN_STANDARD

Environment Variables:
JAVA_HOME=C:\Program Files\Java\jdk1.7.0_17
PATH=C:\ProgramData\Oracle\Java\javapath;C:\Python27\;C:\Program Files (x86)\Intel\iCLS Client\;C:\Program Files\Intel\iCLS Client\;C:\WINDOWS\system32;C:\WINDOWS;C:\WINDOWS\System32\Wbem;C:\WINDOWS\System32\WindowsPowerShell\v1.0\;C:\Program Files (x86)\Windows Live\Shared;C:\Program Files\Intel\Intel(R) Management Engine Components\DAL;C:\Program Files\Intel\Intel(R) Management Engine Components\IPT;C:\Program Files (x86)\Intel\Intel(R) Management Engine Components\DAL;C:\Program Files (x86)\Intel\Intel(R) Management Engine Components\IPT;C:\Program Files (x86)\ATI Technologies\ATI.ACE\Core-Static;C:\Program Files\Java\jdk1.7.0_17\bin;C:\Program Files\MiKTeX 2.9\miktex\bin\x64\;C:\Program Files\Microsoft SQL Server\110\Tools\Binn\;C:\ant\apache-ant-1.9.4/bin;C:\apache-maven-3.3.1\bin;c:\cygwin64\bin;C:\MinGW\bin;C:\Program Files\Microsoft SQL Server\120\Tools\Binn\;C:\Program Files (x86)\Skype\Phone\;C:\Program Files (x86)\Windows Kits\8.1\Windows Performance Toolkit\;C:\Program Files\TortoiseSVN\bin
USERNAME=Lucas
OS=Windows_NT
PROCESSOR_IDENTIFIER=Intel64 Family 6 Model 58 Stepping 9, GenuineIntel



---------------  S Y S T E M  ---------------

OS: Windows 8.1 , 64 bit Build 9600 (6.3.9600.17415)

CPU:total 4 (2 cores per cpu, 2 threads per core) family 6 model 58 stepping 9, cmov, cx8, fxsr, mmx, sse, sse2, sse3, ssse3, sse4.1, sse4.2, popcnt, avx, aes, clmul, erms, ht, tsc, tscinvbit, tscinv

Memory: 4k page, physical 4070680k(1001168k free), swap 8264984k(3436400k free)

vm_info: Java HotSpot(TM) Client VM (25.60-b23) for windows-x86 JRE (1.8.0_60-b27), built on Aug  4 2015 10:57:40 by "java_re" with MS VC++ 10.0 (VS2010)

time: Fri Nov 06 15:50:47 2015
elapsed time: 14 seconds (0d 0h 0m 14s)

