#
# A fatal error has been detected by the Java Runtime Environment:
#
#  EXCEPTION_ACCESS_VIOLATION (0xc0000005) at pc=0x676459e0, pid=15852, tid=16624
#
# JRE version: Java(TM) SE Runtime Environment (8.0_60-b27) (build 1.8.0_60-b27)
# Java VM: Java HotSpot(TM) Client VM (25.60-b23 mixed mode windows-x86 )
# Problematic frame:
# C  [prism_common.dll+0x59e0]
#
# Failed to write core dump. Minidumps are not enabled by default on client versions of Windows
#
# If you would like to submit a bug report, please visit:
#   http://bugreport.java.com/bugreport/crash.jsp
# The crash happened outside the Java Virtual Machine in native code.
# See problematic frame for where to report the bug.
#

---------------  T H R E A D  ---------------

Current thread (0x6660d000):  JavaThread "QuantumRenderer-0" daemon [_thread_in_native, id=16624, stack(0x66c50000,0x66ca0000)]

siginfo: ExceptionCode=0xc0000005, writing address 0x00000000

Registers:
EAX=0x43c00000, EBX=0x00000018, ECX=0x00000000, EDX=0x00000004
ESP=0x66c9e854, EBP=0x002a7ffd, ESI=0x66c9ea98, EDI=0x00000008
EIP=0x676459e0, EFLAGS=0x00210203

Top of Stack: (sp=0x66c9e854)
0x66c9e854:   66c9e8ec 00000004 66c9eb40 66c9ea98
0x66c9e864:   45c01885 00a9fff4 3f800000 00a9fff6
0x66c9e874:   00000000 00000f48 0153fff6 00000000
0x66c9e884:   00000f60 40aec000 67644edd fffffff8
0x66c9e894:   45c01885 45748000 45c01885 00000004
0x66c9e8a4:   66c9ec08 6764a09f 66c9ea98 45c01885
0x66c9e8b4:   45760000 67646f05 66c9ea48 443ed885
0x66c9e8c4:   43e78000 00000000 66c9ec08 3f000000 

Instructions: (pc=0x676459e0)
0x676459c0:   45 89 44 24 3c 8d 14 ad 00 00 00 00 89 54 24 14
0x676459d0:   8b 54 24 4c 8d 0c 38 8b 46 40 8d 5b 10 8b 04 01
0x676459e0:   89 47 f8 8b 46 40 8b 44 01 04 8d 0c 3a 89 47 fc
0x676459f0:   8d 7f 10 8b 46 40 8b 44 03 f0 89 47 f0 8b 46 40 


Register to memory mapping:

EAX=0x43c00000 is an unallocated location in the heap
EBX=0x00000018 is an unknown value
ECX=0x00000000 is an unknown value
EDX=0x00000004 is an unknown value
ESP=0x66c9e854 is pointing into the stack for thread: 0x6660d000
EBP=0x002a7ffd is an unknown value
ESI=0x66c9ea98 is pointing into the stack for thread: 0x6660d000
EDI=0x00000008 is an unknown value


Stack: [0x66c50000,0x66ca0000],  sp=0x66c9e854,  free space=314k
Native frames: (J=compiled Java code, j=interpreted, Vv=VM code, C=native code)
C  [prism_common.dll+0x59e0]

Java frames: (J=compiled Java code, j=interpreted, Vv=VM code)
j  com.sun.prism.impl.shape.NativePiscesRasterizer.produceStrokeAlphas([F[BIFIIF[FFDDDDDD[I[B)V+0
j  com.sun.prism.impl.shape.NativePiscesRasterizer.getMaskData(Lcom/sun/javafx/geom/Shape;Lcom/sun/prism/BasicStroke;Lcom/sun/javafx/geom/RectBounds;Lcom/sun/javafx/geom/transform/BaseTransform;ZZ)Lcom/sun/prism/impl/shape/MaskData;+487
j  com.sun.prism.impl.shape.ShapeUtil.rasterizeShape(Lcom/sun/javafx/geom/Shape;Lcom/sun/prism/BasicStroke;Lcom/sun/javafx/geom/RectBounds;Lcom/sun/javafx/geom/transform/BaseTransform;ZZ)Lcom/sun/prism/impl/shape/MaskData;+11
j  com.sun.prism.impl.ps.BaseShaderGraphics.renderShape(Lcom/sun/javafx/geom/Shape;Lcom/sun/prism/BasicStroke;FFFF)V+40
j  com.sun.prism.impl.BaseGraphics.draw(Lcom/sun/javafx/geom/Shape;)V+136
j  com.sun.prism.impl.ps.CachingShapeRepState.drawNoCache(Lcom/sun/prism/Graphics;Lcom/sun/javafx/geom/Shape;)V+2
j  com.sun.prism.impl.ps.CachingShapeRepState.render(Lcom/sun/prism/Graphics;Lcom/sun/javafx/geom/Shape;Lcom/sun/javafx/geom/RectBounds;Lcom/sun/prism/BasicStroke;)V+241
j  com.sun.prism.impl.ps.CachingShapeRep.draw(Lcom/sun/prism/Graphics;Lcom/sun/javafx/geom/Shape;Lcom/sun/javafx/geom/BaseBounds;)V+31
j  com.sun.javafx.sg.prism.NGShape.renderContent2D(Lcom/sun/prism/Graphics;Z)V+144
j  com.sun.javafx.sg.prism.NGShape.renderContent(Lcom/sun/prism/Graphics;)V+454
j  com.sun.javafx.sg.prism.NGNode.doRender(Lcom/sun/prism/Graphics;)V+330
j  com.sun.javafx.sg.prism.NGNode.render(Lcom/sun/prism/Graphics;)V+34
j  com.sun.javafx.sg.prism.NGGroup.renderContent(Lcom/sun/prism/Graphics;)V+160
j  com.sun.javafx.sg.prism.NGNode.renderForClip(Lcom/sun/prism/Graphics;)V+17
j  com.sun.javafx.sg.prism.NGNode.renderRectClip(Lcom/sun/prism/Graphics;Lcom/sun/javafx/sg/prism/NGRectangle;)V+106
j  com.sun.javafx.sg.prism.NGNode.renderClip(Lcom/sun/prism/Graphics;)V+83
j  com.sun.javafx.sg.prism.NGNode.doRender(Lcom/sun/prism/Graphics;)V+285
j  com.sun.javafx.sg.prism.NGNode.render(Lcom/sun/prism/Graphics;)V+34
j  com.sun.javafx.sg.prism.NGGroup.renderContent(Lcom/sun/prism/Graphics;)V+160
j  com.sun.javafx.sg.prism.NGRegion.renderContent(Lcom/sun/prism/Graphics;)V+111
j  com.sun.javafx.sg.prism.NGNode.doRender(Lcom/sun/prism/Graphics;)V+330
j  com.sun.javafx.sg.prism.NGNode.render(Lcom/sun/prism/Graphics;)V+34
j  com.sun.javafx.sg.prism.NGGroup.renderContent(Lcom/sun/prism/Graphics;)V+160
j  com.sun.javafx.sg.prism.NGRegion.renderContent(Lcom/sun/prism/Graphics;)V+111
j  com.sun.javafx.sg.prism.NGNode.doRender(Lcom/sun/prism/Graphics;)V+330
j  com.sun.javafx.sg.prism.NGNode.render(Lcom/sun/prism/Graphics;)V+34
j  com.sun.javafx.tk.quantum.ViewPainter.doPaint(Lcom/sun/prism/Graphics;Lcom/sun/javafx/sg/prism/NodePath;)V+201
j  com.sun.javafx.tk.quantum.ViewPainter.paintImpl(Lcom/sun/prism/Graphics;)V+982
j  com.sun.javafx.tk.quantum.UploadingPainter.run()V+719
j  java.util.concurrent.Executors$RunnableAdapter.call()Ljava/lang/Object;+4
j  java.util.concurrent.FutureTask.runAndReset()Z+47
j  com.sun.javafx.tk.RenderJob.run()V+1
j  java.util.concurrent.ThreadPoolExecutor.runWorker(Ljava/util/concurrent/ThreadPoolExecutor$Worker;)V+95
j  java.util.concurrent.ThreadPoolExecutor$Worker.run()V+5
j  com.sun.javafx.tk.quantum.QuantumRenderer$PipelineRunnable.run()V+8
j  java.lang.Thread.run()V+11
v  ~StubRoutines::call_stub

---------------  P R O C E S S  ---------------

Java Threads: ( => current thread )
  0x666bb000 JavaThread "Prism Font Disposer" daemon [_thread_blocked, id=16848, stack(0x6c950000,0x6c9a0000)]
  0x666b8800 JavaThread "Image Fetcher 1" daemon [_thread_blocked, id=5772, stack(0x6c840000,0x6c890000)]
  0x666b9c00 JavaThread "Image Fetcher 0" daemon [_thread_blocked, id=14436, stack(0x6c7b0000,0x6c800000)]
  0x66531800 JavaThread "Thread-4" daemon [_thread_in_native, id=15284, stack(0x6c420000,0x6c470000)]
  0x66623000 JavaThread "JavaFX Application Thread" [_thread_in_Java, id=1132, stack(0x67560000,0x675b0000)]
  0x66618800 JavaThread "Thread-3" daemon [_thread_blocked, id=15992, stack(0x66da0000,0x66df0000)]
=>0x6660d000 JavaThread "QuantumRenderer-0" daemon [_thread_in_native, id=16624, stack(0x66c50000,0x66ca0000)]
  0x664c9c00 JavaThread "SwingWorker-pool-1-thread-1" daemon [_thread_blocked, id=8600, stack(0x66a40000,0x66a90000)]
  0x66430800 JavaThread "TimerQueue" daemon [_thread_blocked, id=10908, stack(0x671e0000,0x67230000)]
  0x011ec000 JavaThread "DestroyJavaVM" [_thread_blocked, id=12368, stack(0x01250000,0x012a0000)]
  0x6638d000 JavaThread "AWT-EventQueue-0" [_thread_blocked, id=5140, stack(0x67050000,0x670a0000)]
  0x6595f000 JavaThread "AWT-Windows" daemon [_thread_in_native, id=2896, stack(0x668b0000,0x66900000)]
  0x65954800 JavaThread "AWT-Shutdown" [_thread_blocked, id=820, stack(0x66820000,0x66870000)]
  0x65953800 JavaThread "Java2D Disposer" daemon [_thread_blocked, id=4492, stack(0x66790000,0x667e0000)]
  0x657c8400 JavaThread "Service Thread" daemon [_thread_blocked, id=13460, stack(0x65e80000,0x65ed0000)]
  0x657adc00 JavaThread "C1 CompilerThread0" daemon [_thread_blocked, id=12272, stack(0x65df0000,0x65e40000)]
  0x657acc00 JavaThread "Attach Listener" daemon [_thread_blocked, id=16152, stack(0x65d60000,0x65db0000)]
  0x657ab000 JavaThread "Signal Dispatcher" daemon [_thread_blocked, id=17200, stack(0x65cd0000,0x65d20000)]
  0x65788000 JavaThread "Finalizer" daemon [_thread_blocked, id=13760, stack(0x659c0000,0x65a10000)]
  0x65783400 JavaThread "Reference Handler" daemon [_thread_blocked, id=13220, stack(0x04d90000,0x04de0000)]

Other Threads:
  0x02c0d000 VMThread [stack: 0x04d00000,0x04d50000] [id=12324]
  0x657d7400 WatcherThread [stack: 0x65f10000,0x65f60000] [id=2580]

VM state:not at safepoint (normal execution)

VM Mutex/Monitor currently owned by a thread: None

Heap:
 def new generation   total 53184K, used 34332K [0x04e00000, 0x087b0000, 0x24e00000)
  eden space 47296K,  60% used [0x04e00000, 0x069c7270, 0x07c30000)
  from space 5888K, 100% used [0x081f0000, 0x087b0000, 0x087b0000)
  to   space 5888K,   0% used [0x07c30000, 0x07c30000, 0x081f0000)
 tenured generation   total 118048K, used 77170K [0x24e00000, 0x2c148000, 0x64e00000)
   the space 118048K,  65% used [0x24e00000, 0x2995cb98, 0x2995cc00, 0x2c148000)
 Metaspace       used 13444K, capacity 13887K, committed 13952K, reserved 14720K

Card table byte_map: [0x64e00000,0x65110000] byte_map_base: 0x64dd9000

Polling page: 0x011f0000

CodeCache: size=32768Kb used=4212Kb max_used=4220Kb free=28555Kb
 bounds [0x02cc0000, 0x030e0000, 0x04cc0000]
 total_blobs=2849 nmethods=2450 adapters=328
 compilation: enabled

Compilation events (10 events):
Event: 124.085 Thread 0x657adc00 2458             jdk.internal.org.objectweb.asm.ByteVector::putInt (74 bytes)
Event: 124.085 Thread 0x657adc00 nmethod 2458 0x030db748 code [0x030db850, 0x030db98c]
Event: 124.085 Thread 0x657adc00 2459   !         com.sun.scenario.animation.AbstractMasterTimer::timePulseImpl (157 bytes)
Event: 124.086 Thread 0x657adc00 nmethod 2459 0x030dbac8 code [0x030dbc20, 0x030dbf10]
Event: 124.098 Thread 0x657adc00 2460             java.util.Vector::ensureCapacityHelper (16 bytes)
Event: 124.098 Thread 0x657adc00 nmethod 2460 0x030dddc8 code [0x030dded0, 0x030ddf7c]
Event: 124.167 Thread 0x657adc00 2461  s          java.util.Vector::addElement (38 bytes)
Event: 124.167 Thread 0x657adc00 nmethod 2461 0x030de148 code [0x030de260, 0x030de4ec]
Event: 124.289 Thread 0x657adc00 2462             javafx.scene.chart.CategoryAxis::getDuplicate (99 bytes)
Event: 124.290 Thread 0x657adc00 nmethod 2462 0x030dea88 code [0x030dec70, 0x030df0f0]

GC Heap History (10 events):
Event: 120.475 GC heap before
{Heap before GC invocations=136 (full 4):
 def new generation   total 28224K, used 28224K [0x04e00000, 0x06c90000, 0x24e00000)
  eden space 25152K, 100% used [0x04e00000, 0x06690000, 0x06690000)
  from space 3072K, 100% used [0x06990000, 0x06c90000, 0x06c90000)
  to   space 3072K,   0% used [0x06690000, 0x06690000, 0x06990000)
 tenured generation   total 62508K, used 37973K [0x24e00000, 0x28b0b000, 0x64e00000)
   the space 62508K,  60% used [0x24e00000, 0x273156b8, 0x27315800, 0x28b0b000)
 Metaspace       used 13060K, capacity 13430K, committed 13440K, reserved 13696K
Event: 120.533 GC heap after
Heap after GC invocations=137 (full 4):
 def new generation   total 28224K, used 3072K [0x04e00000, 0x06c90000, 0x24e00000)
  eden space 25152K,   0% used [0x04e00000, 0x04e00000, 0x06690000)
  from space 3072K, 100% used [0x06690000, 0x06990000, 0x06990000)
  to   space 3072K,   0% used [0x06990000, 0x06990000, 0x06c90000)
 tenured generation   total 62508K, used 48359K [0x24e00000, 0x28b0b000, 0x64e00000)
   the space 62508K,  77% used [0x24e00000, 0x27d39cf8, 0x27d39e00, 0x28b0b000)
 Metaspace       used 13060K, capacity 13430K, committed 13440K, reserved 13696K
}
Event: 120.695 GC heap before
{Heap before GC invocations=137 (full 4):
 def new generation   total 28224K, used 28224K [0x04e00000, 0x06c90000, 0x24e00000)
  eden space 25152K, 100% used [0x04e00000, 0x06690000, 0x06690000)
  from space 3072K, 100% used [0x06690000, 0x06990000, 0x06990000)
  to   space 3072K,   0% used [0x06990000, 0x06990000, 0x06c90000)
 tenured generation   total 62508K, used 48359K [0x24e00000, 0x28b0b000, 0x64e00000)
   the space 62508K,  77% used [0x24e00000, 0x27d39cf8, 0x27d39e00, 0x28b0b000)
 Metaspace       used 13063K, capacity 13430K, committed 13440K, reserved 13696K
Event: 120.705 GC heap after
Heap after GC invocations=138 (full 4):
 def new generation   total 28224K, used 3K [0x04e00000, 0x06c90000, 0x24e00000)
  eden space 25152K,   0% used [0x04e00000, 0x04e00000, 0x06690000)
  from space 3072K,   0% used [0x06990000, 0x06990ce0, 0x06c90000)
  to   space 3072K,   0% used [0x06690000, 0x06690000, 0x06990000)
 tenured generation   total 62508K, used 51429K [0x24e00000, 0x28b0b000, 0x64e00000)
   the space 62508K,  82% used [0x24e00000, 0x280397e0, 0x28039800, 0x28b0b000)
 Metaspace       used 13063K, capacity 13430K, committed 13440K, reserved 13696K
}
Event: 121.773 GC heap before
{Heap before GC invocations=138 (full 4):
 def new generation   total 28224K, used 25155K [0x04e00000, 0x06c90000, 0x24e00000)
  eden space 25152K, 100% used [0x04e00000, 0x06690000, 0x06690000)
  from space 3072K,   0% used [0x06990000, 0x06990ce0, 0x06c90000)
  to   space 3072K,   0% used [0x06690000, 0x06690000, 0x06990000)
 tenured generation   total 62508K, used 51429K [0x24e00000, 0x28b0b000, 0x64e00000)
   the space 62508K,  82% used [0x24e00000, 0x280397e0, 0x28039800, 0x28b0b000)
 Metaspace       used 13080K, capacity 13462K, committed 13568K, reserved 13696K
Event: 121.808 GC heap after
Heap after GC invocations=139 (full 4):
 def new generation   total 28224K, used 3072K [0x04e00000, 0x06c90000, 0x24e00000)
  eden space 25152K,   0% used [0x04e00000, 0x04e00000, 0x06690000)
  from space 3072K, 100% used [0x06690000, 0x06990000, 0x06990000)
  to   space 3072K,   0% used [0x06990000, 0x06990000, 0x06c90000)
 tenured generation   total 62508K, used 59955K [0x24e00000, 0x28b0b000, 0x64e00000)
   the space 62508K,  95% used [0x24e00000, 0x2888cd08, 0x2888ce00, 0x28b0b000)
 Metaspace       used 13080K, capacity 13462K, committed 13568K, reserved 13696K
}
Event: 122.805 GC heap before
{Heap before GC invocations=139 (full 4):
 def new generation   total 28224K, used 28224K [0x04e00000, 0x06c90000, 0x24e00000)
  eden space 25152K, 100% used [0x04e00000, 0x06690000, 0x06690000)
  from space 3072K, 100% used [0x06690000, 0x06990000, 0x06990000)
  to   space 3072K,   0% used [0x06990000, 0x06990000, 0x06c90000)
 tenured generation   total 62508K, used 59955K [0x24e00000, 0x28b0b000, 0x64e00000)
   the space 62508K,  95% used [0x24e00000, 0x2888cd08, 0x2888ce00, 0x28b0b000)
 Metaspace       used 13124K, capacity 13494K, committed 13568K, reserved 13696K
Event: 123.002 GC heap after
Heap after GC invocations=140 (full 5):
 def new generation   total 53184K, used 3042K [0x04e00000, 0x087b0000, 0x24e00000)
  eden space 47296K,   6% used [0x04e00000, 0x050f8b70, 0x07c30000)
  from space 5888K,   0% used [0x07c30000, 0x07c30000, 0x081f0000)
  to   space 5888K,   0% used [0x081f0000, 0x081f0000, 0x087b0000)
 tenured generation   total 118048K, used 70827K [0x24e00000, 0x2c148000, 0x64e00000)
   the space 118048K,  59% used [0x24e00000, 0x2932afc8, 0x2932b000, 0x2c148000)
 Metaspace       used 13124K, capacity 13494K, committed 13568K, reserved 13696K
}
Event: 124.100 GC heap before
{Heap before GC invocations=140 (full 5):
 def new generation   total 53184K, used 47296K [0x04e00000, 0x087b0000, 0x24e00000)
  eden space 47296K, 100% used [0x04e00000, 0x07c30000, 0x07c30000)
  from space 5888K,   0% used [0x07c30000, 0x07c30000, 0x081f0000)
  to   space 5888K,   0% used [0x081f0000, 0x081f0000, 0x087b0000)
 tenured generation   total 118048K, used 70827K [0x24e00000, 0x2c148000, 0x64e00000)
   the space 118048K,  59% used [0x24e00000, 0x2932afc8, 0x2932b000, 0x2c148000)
 Metaspace       used 13387K, capacity 13818K, committed 13824K, reserved 14720K
Event: 124.158 GC heap after
Heap after GC invocations=141 (full 5):
 def new generation   total 53184K, used 5888K [0x04e00000, 0x087b0000, 0x24e00000)
  eden space 47296K,   0% used [0x04e00000, 0x04e00000, 0x07c30000)
  from space 5888K, 100% used [0x081f0000, 0x087b0000, 0x087b0000)
  to   space 5888K,   0% used [0x07c30000, 0x07c30000, 0x081f0000)
 tenured generation   total 118048K, used 77170K [0x24e00000, 0x2c148000, 0x64e00000)
   the space 118048K,  65% used [0x24e00000, 0x2995cb98, 0x2995cc00, 0x2c148000)
 Metaspace       used 13387K, capacity 13818K, committed 13824K, reserved 14720K
}

Deoptimization events (0 events):
No events

Internal exceptions (10 events):
Event: 0.349 Thread 0x011ec000 Exception <a 'java/lang/ClassNotFoundException': ToolTip> (0x05190c58) thrown at [D:\re\puppet\workspace\8-2-build-windows-i586-cygwin\jdk8u60\4407\hotspot\src\share\vm\classfile\systemDictionary.cpp, line 210]
Event: 0.350 Thread 0x011ec000 Exception <a 'java/lang/ClassNotFoundException': Tree> (0x05191740) thrown at [D:\re\puppet\workspace\8-2-build-windows-i586-cygwin\jdk8u60\4407\hotspot\src\share\vm\classfile\systemDictionary.cpp, line 210]
Event: 0.351 Thread 0x011ec000 Exception <a 'java/lang/ClassNotFoundException': Tree> (0x05191de0) thrown at [D:\re\puppet\workspace\8-2-build-windows-i586-cygwin\jdk8u60\4407\hotspot\src\share\vm\classfile\systemDictionary.cpp, line 210]
Event: 0.351 Thread 0x011ec000 Exception <a 'java/lang/ClassNotFoundException': javax/swing/JTreeCell> (0x05192118) thrown at [D:\re\puppet\workspace\8-2-build-windows-i586-cygwin\jdk8u60\4407\hotspot\src\share\vm\classfile\systemDictionary.cpp, line 210]
Event: 0.351 Thread 0x011ec000 Exception <a 'java/lang/ClassNotFoundException': TreeCell> (0x05192560) thrown at [D:\re\puppet\workspace\8-2-build-windows-i586-cygwin\jdk8u60\4407\hotspot\src\share\vm\classfile\systemDictionary.cpp, line 210]
Event: 0.351 Thread 0x011ec000 Exception <a 'java/lang/ClassNotFoundException': RootPane> (0x05192ed8) thrown at [D:\re\puppet\workspace\8-2-build-windows-i586-cygwin\jdk8u60\4407\hotspot\src\share\vm\classfile\systemDictionary.cpp, line 210]
Event: 116.104 Thread 0x6638d000 Exception <a 'java/lang/NullPointerException'> (0x04f4a3f8) thrown at [D:\re\puppet\workspace\8-2-build-windows-i586-cygwin\jdk8u60\4407\hotspot\src\share\vm\interpreter\linkResolver.cpp, line 1178]
Event: 116.143 Thread 0x66623000 Exception <a 'java/lang/NullPointerException'> (0x051ff3f8) thrown at [D:\re\puppet\workspace\8-2-build-windows-i586-cygwin\jdk8u60\4407\hotspot\src\share\vm\interpreter\linkResolver.cpp, line 1178]
Event: 116.143 Thread 0x66623000 Exception <a 'java/lang/NullPointerException'> (0x051ff3f8) thrown at [D:\re\puppet\workspace\8-2-build-windows-i586-cygwin\jdk8u60\4407\hotspot\src\share\vm\prims\jvm.cpp, line 1390]
Event: 119.273 Thread 0x66623000 Implicit null exception at 0x02eeeb93 to 0x02eeed89

Events (10 events):
Event: 124.167 loading class com/sun/prism/impl/ps/CachingShapeRepState$CSRDisposerRecord
Event: 124.167 loading class com/sun/prism/impl/ps/CachingShapeRepState$CSRDisposerRecord done
Event: 124.167 loading class com/sun/prism/impl/shape/ShapeUtil
Event: 124.167 loading class com/sun/prism/impl/shape/ShapeUtil done
Event: 124.168 loading class com/sun/prism/impl/shape/ShapeRasterizer
Event: 124.168 loading class com/sun/prism/impl/shape/ShapeRasterizer done
Event: 124.168 loading class com/sun/prism/impl/shape/NativePiscesRasterizer
Event: 124.168 loading class com/sun/prism/impl/shape/NativePiscesRasterizer done
Event: 124.290 Thread 0x657adc00 flushing nmethod 0x02f07c48
Event: 124.290 Thread 0x657adc00 flushing nmethod 0x02f09c48


Dynamic libraries:
0x00aa0000 - 0x00ad3000 	C:\Program Files (x86)\Java\jdk1.8.0_60\bin\java.exe
0x77bb0000 - 0x77d1e000 	C:\WINDOWS\SYSTEM32\ntdll.dll
0x77340000 - 0x77480000 	C:\WINDOWS\SYSTEM32\KERNEL32.DLL
0x76990000 - 0x76a67000 	C:\WINDOWS\SYSTEM32\KERNELBASE.dll
0x74360000 - 0x74400000 	C:\WINDOWS\system32\apphelp.dll
0x69580000 - 0x697e6000 	C:\WINDOWS\AppPatch\AcGenral.DLL
0x76690000 - 0x76753000 	C:\WINDOWS\SYSTEM32\msvcrt.dll
0x77570000 - 0x775b1000 	C:\WINDOWS\SYSTEM32\sechost.dll
0x753a0000 - 0x753be000 	C:\WINDOWS\SYSTEM32\SspiCli.dll
0x772f0000 - 0x77335000 	C:\WINDOWS\SYSTEM32\SHLWAPI.dll
0x741d0000 - 0x742bd000 	C:\WINDOWS\SYSTEM32\UxTheme.dll
0x76a70000 - 0x76bc3000 	C:\WINDOWS\SYSTEM32\USER32.dll
0x76ec0000 - 0x76fcf000 	C:\WINDOWS\SYSTEM32\GDI32.dll
0x73d90000 - 0x73db3000 	C:\WINDOWS\SYSTEM32\WINMM.dll
0x736b0000 - 0x736c3000 	C:\WINDOWS\SYSTEM32\samcli.dll
0x77890000 - 0x779b9000 	C:\WINDOWS\SYSTEM32\ole32.dll
0x76cb0000 - 0x76d45000 	C:\WINDOWS\SYSTEM32\OLEAUT32.dll
0x69560000 - 0x69577000 	C:\WINDOWS\SYSTEM32\MSACM32.dll
0x74fa0000 - 0x74fa8000 	C:\WINDOWS\SYSTEM32\VERSION.dll
0x753c0000 - 0x7667c000 	C:\WINDOWS\SYSTEM32\SHELL32.dll
0x75280000 - 0x7529b000 	C:\WINDOWS\SYSTEM32\USERENV.dll
0x74340000 - 0x7435a000 	C:\WINDOWS\SYSTEM32\dwmapi.dll
0x73410000 - 0x7355b000 	C:\WINDOWS\SYSTEM32\urlmon.dll
0x77a60000 - 0x77adc000 	C:\WINDOWS\SYSTEM32\ADVAPI32.dll
0x69c10000 - 0x69c75000 	C:\WINDOWS\SYSTEM32\WINSPOOL.DRV
0x74bb0000 - 0x74bc6000 	C:\WINDOWS\SYSTEM32\MPR.dll
0x777d0000 - 0x7788a000 	C:\WINDOWS\SYSTEM32\RPCRT4.dll
0x75390000 - 0x7539a000 	C:\WINDOWS\SYSTEM32\CRYPTBASE.dll
0x77650000 - 0x777cd000 	C:\WINDOWS\SYSTEM32\combase.dll
0x72980000 - 0x729a3000 	C:\WINDOWS\SYSTEM32\WINMMBASE.dll
0x74f60000 - 0x74f6f000 	C:\WINDOWS\SYSTEM32\profapi.dll
0x73840000 - 0x73a72000 	C:\WINDOWS\SYSTEM32\iertutil.dll
0x73a80000 - 0x73c73000 	C:\WINDOWS\SYSTEM32\WININET.dll
0x75330000 - 0x75384000 	C:\WINDOWS\SYSTEM32\bcryptPrimitives.dll
0x77190000 - 0x771cc000 	C:\WINDOWS\SYSTEM32\cfgmgr32.dll
0x74ec0000 - 0x74ee1000 	C:\WINDOWS\SYSTEM32\DEVOBJ.dll
0x752a0000 - 0x7532b000 	C:\WINDOWS\SYSTEM32\SHCORE.DLL
0x779c0000 - 0x779e7000 	C:\WINDOWS\system32\IMM32.DLL
0x771d0000 - 0x772e2000 	C:\WINDOWS\SYSTEM32\MSCTF.dll
0x74780000 - 0x74986000 	C:\WINDOWS\WinSxS\x86_microsoft.windows.common-controls_6595b64144ccf1df_6.0.9600.18006_none_a9ec6aab013aafee\COMCTL32.dll
0x694a0000 - 0x6955f000 	C:\Program Files (x86)\Java\jdk1.8.0_60\jre\bin\msvcr100.dll
0x690d0000 - 0x69495000 	C:\Program Files (x86)\Java\jdk1.8.0_60\jre\bin\client\jvm.dll
0x74e20000 - 0x74e28000 	C:\WINDOWS\SYSTEM32\WSOCK32.dll
0x76bd0000 - 0x76bd6000 	C:\WINDOWS\SYSTEM32\PSAPI.DLL
0x77a10000 - 0x77a60000 	C:\WINDOWS\SYSTEM32\WS2_32.dll
0x77510000 - 0x77517000 	C:\WINDOWS\SYSTEM32\NSI.dll
0x690c0000 - 0x690cc000 	C:\Program Files (x86)\Java\jdk1.8.0_60\jre\bin\verify.dll
0x69090000 - 0x690b1000 	C:\Program Files (x86)\Java\jdk1.8.0_60\jre\bin\java.dll
0x69070000 - 0x69083000 	C:\Program Files (x86)\Java\jdk1.8.0_60\jre\bin\zip.dll
0x67770000 - 0x678b5000 	C:\Program Files (x86)\Java\jdk1.8.0_60\jre\bin\awt.dll
0x75270000 - 0x75279000 	C:\WINDOWS\SYSTEM32\kernel.appcore.dll
0x67730000 - 0x67769000 	C:\Program Files (x86)\Java\jdk1.8.0_60\jre\bin\fontmanager.dll
0x69050000 - 0x69065000 	C:\Program Files (x86)\Java\jdk1.8.0_60\jre\bin\net.dll
0x750f0000 - 0x7513b000 	C:\WINDOWS\system32\mswsock.dll
0x67720000 - 0x6772f000 	C:\Program Files (x86)\Java\jdk1.8.0_60\jre\bin\nio.dll
0x676f0000 - 0x67720000 	C:\Program Files (x86)\Java\jdk1.8.0_60\jre\bin\t2k.dll
0x77480000 - 0x7750d000 	C:\WINDOWS\SYSTEM32\clbcatq.dll
0x69a30000 - 0x69b9b000 	C:\WINDOWS\SYSTEM32\WindowsCodecs.dll
0x74f40000 - 0x74f59000 	C:\WINDOWS\SYSTEM32\CRYPTSP.dll
0x74f10000 - 0x74f40000 	C:\WINDOWS\system32\rsaenh.dll
0x74ef0000 - 0x74f0e000 	C:\WINDOWS\SYSTEM32\bcrypt.dll
0x67c20000 - 0x67c44000 	C:\Program Files (x86)\Java\jdk1.8.0_60\jre\bin\dcpr.dll
0x66aa0000 - 0x66b8e000 	C:\Program Files (x86)\Java\jdk1.8.0_60\jre\bin\msvcr120.dll
0x66b90000 - 0x66c01000 	C:\Program Files (x86)\Java\jdk1.8.0_60\jre\bin\msvcp120.dll
0x66ca0000 - 0x66cbf000 	C:\Program Files (x86)\Java\jdk1.8.0_60\jre\bin\prism_d3d.dll
0x729b0000 - 0x72b83000 	C:\WINDOWS\system32\d3d9.dll
0x6ed40000 - 0x6ee50000 	C:\WINDOWS\SYSTEM32\aticfx32.dll
0x66cc0000 - 0x66cdb000 	C:\WINDOWS\SYSTEM32\atiu9pag.dll
0x67d50000 - 0x68f23000 	C:\WINDOWS\SYSTEM32\igdumdim32.dll
0x6ce10000 - 0x6d17b000 	C:\WINDOWS\SYSTEM32\igdusc32.dll
0x69c80000 - 0x6a2cf000 	C:\WINDOWS\SYSTEM32\atiumdag.dll
0x6a2d0000 - 0x6aabe000 	C:\WINDOWS\SYSTEM32\atiumdva.dll
0x66d20000 - 0x66d53000 	C:\Program Files (x86)\Java\jdk1.8.0_60\jre\bin\glass.dll
0x76760000 - 0x767fb000 	C:\WINDOWS\SYSTEM32\COMDLG32.dll
0x69030000 - 0x69041000 	C:\Program Files (x86)\Java\jdk1.8.0_60\jre\bin\javafx_font.dll
0x6f390000 - 0x6f511000 	C:\WINDOWS\SYSTEM32\dwrite.dll
0x67640000 - 0x6764f000 	C:\Program Files (x86)\Java\jdk1.8.0_60\jre\bin\prism_common.dll
0x74080000 - 0x741c1000 	C:\WINDOWS\SYSTEM32\dbghelp.dll

VM Arguments:
jvm_args: -Dfile.encoding=UTF-8 -Xmx1536m 
java_command: GUI.Principal
java_class_path (initial): C:\Users\Lucas\Documents\NetBeansProjects\TrabalhoAED\lib\commons-lang3-3.4.jar;C:\Users\Lucas\Documents\NetBeansProjects\TrabalhoAED\build\classes
Launcher Type: SUN_STANDARD

Environment Variables:
JAVA_HOME=C:\Program Files\Java\jdk1.7.0_17
PATH=C:\ProgramData\Oracle\Java\javapath;C:\Python27\;C:\Program Files (x86)\Intel\iCLS Client\;C:\Program Files\Intel\iCLS Client\;C:\WINDOWS\system32;C:\WINDOWS;C:\WINDOWS\System32\Wbem;C:\WINDOWS\System32\WindowsPowerShell\v1.0\;C:\Program Files (x86)\Windows Live\Shared;C:\Program Files\Intel\Intel(R) Management Engine Components\DAL;C:\Program Files\Intel\Intel(R) Management Engine Components\IPT;C:\Program Files (x86)\Intel\Intel(R) Management Engine Components\DAL;C:\Program Files (x86)\Intel\Intel(R) Management Engine Components\IPT;C:\Program Files (x86)\ATI Technologies\ATI.ACE\Core-Static;C:\Program Files\Java\jdk1.7.0_17\bin;C:\Program Files\MiKTeX 2.9\miktex\bin\x64\;C:\Program Files\Microsoft SQL Server\110\Tools\Binn\;C:\ant\apache-ant-1.9.4/bin;C:\apache-maven-3.3.1\bin;c:\cygwin64\bin;C:\MinGW\bin;C:\Program Files\Microsoft SQL Server\120\Tools\Binn\;C:\Program Files (x86)\Skype\Phone\;C:\Program Files (x86)\Windows Kits\8.1\Windows Performance Toolkit\;C:\Program Files\TortoiseSVN\bin
USERNAME=Lucas
OS=Windows_NT
PROCESSOR_IDENTIFIER=Intel64 Family 6 Model 58 Stepping 9, GenuineIntel



---------------  S Y S T E M  ---------------

OS: Windows 8.1 , 64 bit Build 9600 (6.3.9600.17415)

CPU:total 4 (2 cores per cpu, 2 threads per core) family 6 model 58 stepping 9, cmov, cx8, fxsr, mmx, sse, sse2, sse3, ssse3, sse4.1, sse4.2, popcnt, avx, aes, clmul, erms, ht, tsc, tscinvbit, tscinv

Memory: 4k page, physical 4070680k(1395964k free), swap 8264984k(3834076k free)

vm_info: Java HotSpot(TM) Client VM (25.60-b23) for windows-x86 JRE (1.8.0_60-b27), built on Aug  4 2015 10:57:40 by "java_re" with MS VC++ 10.0 (VS2010)

time: Fri Nov 06 15:57:18 2015
elapsed time: 124 seconds (0d 0h 2m 4s)

