#
# A fatal error has been detected by the Java Runtime Environment:
#
#  EXCEPTION_ACCESS_VIOLATION (0xc0000005) at pc=0x69bf59e0, pid=12472, tid=5336
#
# JRE version: Java(TM) SE Runtime Environment (8.0_60-b27) (build 1.8.0_60-b27)
# Java VM: Java HotSpot(TM) Client VM (25.60-b23 mixed mode windows-x86 )
# Problematic frame:
# C  [prism_common.dll+0x59e0]
#
# Failed to write core dump. Minidumps are not enabled by default on client versions of Windows
#
# If you would like to submit a bug report, please visit:
#   http://bugreport.java.com/bugreport/crash.jsp
# The crash happened outside the Java Virtual Machine in native code.
# See problematic frame for where to report the bug.
#

---------------  T H R E A D  ---------------

Current thread (0x660e3800):  JavaThread "QuantumRenderer-0" daemon [_thread_in_native, id=5336, stack(0x65ce0000,0x65d30000)]

siginfo: ExceptionCode=0xc0000005, writing address 0x00000000

Registers:
EAX=0x43c00000, EBX=0x00000018, ECX=0x00000000, EDX=0x00000004
ESP=0x65d2e9d4, EBP=0x002a7ffd, ESI=0x65d2ec18, EDI=0x00000008
EIP=0x69bf59e0, EFLAGS=0x00210203

Top of Stack: (sp=0x65d2e9d4)
0x65d2e9d4:   65d2ea6c 00000004 65d2ecc0 65d2ec18
0x65d2e9e4:   45c01885 00a9fff4 3f800000 00a9fff6
0x65d2e9f4:   00000000 00000f48 0153fff6 00000000
0x65d2ea04:   00000f60 40aec000 69bf4edd fffffff8
0x65d2ea14:   45c01885 45748000 45c01885 00000004
0x65d2ea24:   65d2ed88 69bfa09f 65d2ec18 45c01885
0x65d2ea34:   45760000 69bf6f05 65d2ebc8 443ed885
0x65d2ea44:   43e78000 00000000 65d2ed88 3f000000 

Instructions: (pc=0x69bf59e0)
0x69bf59c0:   45 89 44 24 3c 8d 14 ad 00 00 00 00 89 54 24 14
0x69bf59d0:   8b 54 24 4c 8d 0c 38 8b 46 40 8d 5b 10 8b 04 01
0x69bf59e0:   89 47 f8 8b 46 40 8b 44 01 04 8d 0c 3a 89 47 fc
0x69bf59f0:   8d 7f 10 8b 46 40 8b 44 03 f0 89 47 f0 8b 46 40 


Register to memory mapping:

EAX=0x43c00000 is an unallocated location in the heap
EBX=0x00000018 is an unknown value
ECX=0x00000000 is an unknown value
EDX=0x00000004 is an unknown value
ESP=0x65d2e9d4 is pointing into the stack for thread: 0x660e3800
EBP=0x002a7ffd is an unknown value
ESI=0x65d2ec18 is pointing into the stack for thread: 0x660e3800
EDI=0x00000008 is an unknown value


Stack: [0x65ce0000,0x65d30000],  sp=0x65d2e9d4,  free space=314k
Native frames: (J=compiled Java code, j=interpreted, Vv=VM code, C=native code)
C  [prism_common.dll+0x59e0]

Java frames: (J=compiled Java code, j=interpreted, Vv=VM code)
j  com.sun.prism.impl.shape.NativePiscesRasterizer.produceStrokeAlphas([F[BIFIIF[FFDDDDDD[I[B)V+0
j  com.sun.prism.impl.shape.NativePiscesRasterizer.getMaskData(Lcom/sun/javafx/geom/Shape;Lcom/sun/prism/BasicStroke;Lcom/sun/javafx/geom/RectBounds;Lcom/sun/javafx/geom/transform/BaseTransform;ZZ)Lcom/sun/prism/impl/shape/MaskData;+487
j  com.sun.prism.impl.shape.ShapeUtil.rasterizeShape(Lcom/sun/javafx/geom/Shape;Lcom/sun/prism/BasicStroke;Lcom/sun/javafx/geom/RectBounds;Lcom/sun/javafx/geom/transform/BaseTransform;ZZ)Lcom/sun/prism/impl/shape/MaskData;+11
j  com.sun.prism.impl.ps.BaseShaderGraphics.renderShape(Lcom/sun/javafx/geom/Shape;Lcom/sun/prism/BasicStroke;FFFF)V+40
j  com.sun.prism.impl.BaseGraphics.draw(Lcom/sun/javafx/geom/Shape;)V+136
j  com.sun.prism.impl.ps.CachingShapeRepState.drawNoCache(Lcom/sun/prism/Graphics;Lcom/sun/javafx/geom/Shape;)V+2
j  com.sun.prism.impl.ps.CachingShapeRepState.render(Lcom/sun/prism/Graphics;Lcom/sun/javafx/geom/Shape;Lcom/sun/javafx/geom/RectBounds;Lcom/sun/prism/BasicStroke;)V+241
j  com.sun.prism.impl.ps.CachingShapeRep.draw(Lcom/sun/prism/Graphics;Lcom/sun/javafx/geom/Shape;Lcom/sun/javafx/geom/BaseBounds;)V+31
j  com.sun.javafx.sg.prism.NGShape.renderContent2D(Lcom/sun/prism/Graphics;Z)V+144
j  com.sun.javafx.sg.prism.NGShape.renderContent(Lcom/sun/prism/Graphics;)V+454
j  com.sun.javafx.sg.prism.NGNode.doRender(Lcom/sun/prism/Graphics;)V+330
j  com.sun.javafx.sg.prism.NGNode.render(Lcom/sun/prism/Graphics;)V+34
j  com.sun.javafx.sg.prism.NGGroup.renderContent(Lcom/sun/prism/Graphics;)V+160
j  com.sun.javafx.sg.prism.NGNode.renderForClip(Lcom/sun/prism/Graphics;)V+17
j  com.sun.javafx.sg.prism.NGNode.renderRectClip(Lcom/sun/prism/Graphics;Lcom/sun/javafx/sg/prism/NGRectangle;)V+106
j  com.sun.javafx.sg.prism.NGNode.renderClip(Lcom/sun/prism/Graphics;)V+83
j  com.sun.javafx.sg.prism.NGNode.doRender(Lcom/sun/prism/Graphics;)V+285
j  com.sun.javafx.sg.prism.NGNode.render(Lcom/sun/prism/Graphics;)V+34
j  com.sun.javafx.sg.prism.NGGroup.renderContent(Lcom/sun/prism/Graphics;)V+160
j  com.sun.javafx.sg.prism.NGRegion.renderContent(Lcom/sun/prism/Graphics;)V+111
j  com.sun.javafx.sg.prism.NGNode.doRender(Lcom/sun/prism/Graphics;)V+330
j  com.sun.javafx.sg.prism.NGNode.render(Lcom/sun/prism/Graphics;)V+34
j  com.sun.javafx.sg.prism.NGGroup.renderContent(Lcom/sun/prism/Graphics;)V+160
j  com.sun.javafx.sg.prism.NGRegion.renderContent(Lcom/sun/prism/Graphics;)V+111
j  com.sun.javafx.sg.prism.NGNode.doRender(Lcom/sun/prism/Graphics;)V+330
j  com.sun.javafx.sg.prism.NGNode.render(Lcom/sun/prism/Graphics;)V+34
j  com.sun.javafx.tk.quantum.ViewPainter.doPaint(Lcom/sun/prism/Graphics;Lcom/sun/javafx/sg/prism/NodePath;)V+201
j  com.sun.javafx.tk.quantum.ViewPainter.paintImpl(Lcom/sun/prism/Graphics;)V+982
j  com.sun.javafx.tk.quantum.UploadingPainter.run()V+719
j  java.util.concurrent.Executors$RunnableAdapter.call()Ljava/lang/Object;+4
j  java.util.concurrent.FutureTask.runAndReset()Z+47
j  com.sun.javafx.tk.RenderJob.run()V+1
j  java.util.concurrent.ThreadPoolExecutor.runWorker(Ljava/util/concurrent/ThreadPoolExecutor$Worker;)V+95
j  java.util.concurrent.ThreadPoolExecutor$Worker.run()V+5
j  com.sun.javafx.tk.quantum.QuantumRenderer$PipelineRunnable.run()V+8
j  java.lang.Thread.run()V+11
v  ~StubRoutines::call_stub

---------------  P R O C E S S  ---------------

Java Threads: ( => current thread )
  0x660f5400 JavaThread "Prism Font Disposer" daemon [_thread_blocked, id=8848, stack(0x6c910000,0x6c960000)]
  0x660f4c00 JavaThread "Image Fetcher 1" daemon [_thread_blocked, id=4052, stack(0x6c700000,0x6c750000)]
  0x660f4800 JavaThread "Image Fetcher 0" daemon [_thread_blocked, id=8024, stack(0x69ba0000,0x69bf0000)]
  0x660f4000 JavaThread "Thread-4" daemon [_thread_in_native, id=11552, stack(0x69880000,0x698d0000)]
  0x660f3c00 JavaThread "JavaFX Application Thread" [_thread_in_Java, id=16872, stack(0x65ef0000,0x65f40000)]
  0x66063c00 JavaThread "Thread-3" daemon [_thread_blocked, id=80, stack(0x65e00000,0x65e50000)]
=>0x660e3800 JavaThread "QuantumRenderer-0" daemon [_thread_in_native, id=5336, stack(0x65ce0000,0x65d30000)]
  0x66116c00 JavaThread "SwingWorker-pool-1-thread-3" daemon [_thread_blocked, id=7396, stack(0x67180000,0x671d0000)]
  0x661e4400 JavaThread "SwingWorker-pool-1-thread-2" daemon [_thread_blocked, id=9296, stack(0x670f0000,0x67140000)]
  0x66174400 JavaThread "SwingWorker-pool-1-thread-1" daemon [_thread_blocked, id=16444, stack(0x67060000,0x670b0000)]
  0x66029400 JavaThread "TimerQueue" daemon [_thread_blocked, id=7452, stack(0x66710000,0x66760000)]
  0x0071c000 JavaThread "DestroyJavaVM" [_thread_blocked, id=16192, stack(0x00a30000,0x00a80000)]
  0x65f8dc00 JavaThread "AWT-EventQueue-0" [_thread_blocked, id=11920, stack(0x66580000,0x665d0000)]
  0x64f51000 JavaThread "AWT-Windows" daemon [_thread_in_native, id=11604, stack(0x659e0000,0x65a30000)]
  0x64f50400 JavaThread "AWT-Shutdown" [_thread_blocked, id=16576, stack(0x65950000,0x659a0000)]
  0x64f4f800 JavaThread "Java2D Disposer" daemon [_thread_blocked, id=16836, stack(0x658c0000,0x65910000)]
  0x64dcd000 JavaThread "Service Thread" daemon [_thread_blocked, id=11012, stack(0x653b0000,0x65400000)]
  0x64dadc00 JavaThread "C1 CompilerThread0" daemon [_thread_blocked, id=12724, stack(0x65320000,0x65370000)]
  0x64dacc00 JavaThread "Attach Listener" daemon [_thread_blocked, id=15148, stack(0x65290000,0x652e0000)]
  0x64daac00 JavaThread "Signal Dispatcher" daemon [_thread_blocked, id=13068, stack(0x65200000,0x65250000)]
  0x64d84400 JavaThread "Finalizer" daemon [_thread_blocked, id=17108, stack(0x04350000,0x043a0000)]
  0x64d83400 JavaThread "Reference Handler" daemon [_thread_blocked, id=16628, stack(0x02290000,0x022e0000)]

Other Threads:
  0x0224d000 VMThread [stack: 0x020f0000,0x02140000] [id=5652]
  0x64dd4400 WatcherThread [stack: 0x65440000,0x65490000] [id=15604]

VM state:not at safepoint (normal execution)

VM Mutex/Monitor currently owned by a thread: None

Heap:
 def new generation   total 50816K, used 50816K [0x04400000, 0x07b20000, 0x24400000)
  eden space 45184K, 100% used [0x04400000, 0x07020000, 0x07020000)
  from space 5632K, 100% used [0x075a0000, 0x07b20000, 0x07b20000)
  to   space 5632K,   0% used [0x07020000, 0x07020000, 0x075a0000)
 tenured generation   total 475068K, used 475047K [0x24400000, 0x413ef000, 0x64400000)
   the space 475068K,  99% used [0x24400000, 0x413e9d50, 0x413e9e00, 0x413ef000)
 Metaspace       used 13593K, capacity 14043K, committed 14080K, reserved 14720K

Card table byte_map: [0x64400000,0x64710000] byte_map_base: 0x643de000

Polling page: 0x00680000

CodeCache: size=32768Kb used=4382Kb max_used=4382Kb free=28385Kb
 bounds [0x02310000, 0x02758000, 0x04310000]
 total_blobs=2949 nmethods=2532 adapters=347
 compilation: enabled

Compilation events (10 events):
Event: 22.574 Thread 0x64dadc00 2536  s          sun.misc.URLClassPath::getLookupCache (98 bytes)
Event: 22.574 Thread 0x64dadc00 nmethod 2536 0x02754448 code [0x02754570, 0x02754868]
Event: 22.578 Thread 0x64dadc00 2537             javafx.scene.Parent::impl_pickNodeLocal (84 bytes)
Event: 22.578 Thread 0x64dadc00 nmethod 2537 0x02755c08 code [0x02755d60, 0x02755fd4]
Event: 22.579 Thread 0x64dadc00 2538             com.sun.prism.impl.shape.OpenPiscesPrismUtils::feedConsumer (156 bytes)
Event: 22.580 Thread 0x64dadc00 nmethod 2538 0x02756288 code [0x02756400, 0x02756754]
Event: 22.580 Thread 0x64dadc00 2539             com.sun.javafx.geom.Path2D::pointCrossings (394 bytes)
Event: 22.580 Thread 0x64dadc00 nmethod 2539 0x02756ac8 code [0x02756c20, 0x027571c8]
Event: 22.709 Thread 0x64dadc00 2540             java.util.concurrent.atomic.AtomicBoolean::get (13 bytes)
Event: 22.709 Thread 0x64dadc00 nmethod 2540 0x02757708 code [0x02757800, 0x02757890]

GC Heap History (10 events):
Event: 18.771 GC heap before
{Heap before GC invocations=222 (full 6):
 def new generation   total 28224K, used 26592K [0x04400000, 0x06290000, 0x24400000)
  eden space 25152K, 100% used [0x04400000, 0x05c90000, 0x05c90000)
  from space 3072K,  46% used [0x05f90000, 0x060f8360, 0x06290000)
  to   space 3072K,   0% used [0x05c90000, 0x05c90000, 0x05f90000)
 tenured generation   total 62468K, used 38138K [0x24400000, 0x28101000, 0x64400000)
   the space 62468K,  61% used [0x24400000, 0x2693eba0, 0x2693ec00, 0x28101000)
 Metaspace       used 12939K, capacity 13312K, committed 13440K, reserved 13696K
Event: 18.821 GC heap after
Heap after GC invocations=223 (full 6):
 def new generation   total 28224K, used 3072K [0x04400000, 0x06290000, 0x24400000)
  eden space 25152K,   0% used [0x04400000, 0x04400000, 0x05c90000)
  from space 3072K, 100% used [0x05c90000, 0x05f90000, 0x05f90000)
  to   space 3072K,   0% used [0x05f90000, 0x05f90000, 0x06290000)
 tenured generation   total 62468K, used 47465K [0x24400000, 0x28101000, 0x64400000)
   the space 62468K,  75% used [0x24400000, 0x2725a6f8, 0x2725a800, 0x28101000)
 Metaspace       used 12939K, capacity 13312K, committed 13440K, reserved 13696K
}
Event: 19.150 GC heap before
{Heap before GC invocations=223 (full 6):
 def new generation   total 28224K, used 28224K [0x04400000, 0x06290000, 0x24400000)
  eden space 25152K, 100% used [0x04400000, 0x05c90000, 0x05c90000)
  from space 3072K, 100% used [0x05c90000, 0x05f90000, 0x05f90000)
  to   space 3072K,   0% used [0x05f90000, 0x05f90000, 0x06290000)
 tenured generation   total 62468K, used 47465K [0x24400000, 0x28101000, 0x64400000)
   the space 62468K,  75% used [0x24400000, 0x2725a6f8, 0x2725a800, 0x28101000)
 Metaspace       used 13112K, capacity 13475K, committed 13568K, reserved 13696K
Event: 19.170 GC heap after
Heap after GC invocations=224 (full 6):
 def new generation   total 28224K, used 1797K [0x04400000, 0x06290000, 0x24400000)
  eden space 25152K,   0% used [0x04400000, 0x04400000, 0x05c90000)
  from space 3072K,  58% used [0x05f90000, 0x06151758, 0x06290000)
  to   space 3072K,   0% used [0x05c90000, 0x05c90000, 0x05f90000)
 tenured generation   total 62468K, used 50517K [0x24400000, 0x28101000, 0x64400000)
   the space 62468K,  80% used [0x24400000, 0x275556c8, 0x27555800, 0x28101000)
 Metaspace       used 13112K, capacity 13475K, committed 13568K, reserved 13696K
}
Event: 20.223 GC heap before
{Heap before GC invocations=224 (full 6):
 def new generation   total 28224K, used 26949K [0x04400000, 0x06290000, 0x24400000)
  eden space 25152K, 100% used [0x04400000, 0x05c90000, 0x05c90000)
  from space 3072K,  58% used [0x05f90000, 0x06151758, 0x06290000)
  to   space 3072K,   0% used [0x05c90000, 0x05c90000, 0x05f90000)
 tenured generation   total 62468K, used 50517K [0x24400000, 0x28101000, 0x64400000)
   the space 62468K,  80% used [0x24400000, 0x275556c8, 0x27555800, 0x28101000)
 Metaspace       used 13130K, capacity 13507K, committed 13568K, reserved 13696K
Event: 20.249 GC heap after
Heap after GC invocations=225 (full 6):
 def new generation   total 28224K, used 3072K [0x04400000, 0x06290000, 0x24400000)
  eden space 25152K,   0% used [0x04400000, 0x04400000, 0x05c90000)
  from space 3072K, 100% used [0x05c90000, 0x05f90000, 0x05f90000)
  to   space 3072K,   0% used [0x05f90000, 0x05f90000, 0x06290000)
 tenured generation   total 62468K, used 57145K [0x24400000, 0x28101000, 0x64400000)
   the space 62468K,  91% used [0x24400000, 0x27bce718, 0x27bce800, 0x28101000)
 Metaspace       used 13130K, capacity 13507K, committed 13568K, reserved 13696K
}
Event: 20.791 GC heap before
{Heap before GC invocations=225 (full 6):
 def new generation   total 28224K, used 28224K [0x04400000, 0x06290000, 0x24400000)
  eden space 25152K, 100% used [0x04400000, 0x05c90000, 0x05c90000)
  from space 3072K, 100% used [0x05c90000, 0x05f90000, 0x05f90000)
  to   space 3072K,   0% used [0x05f90000, 0x05f90000, 0x06290000)
 tenured generation   total 62468K, used 57145K [0x24400000, 0x28101000, 0x64400000)
   the space 62468K,  91% used [0x24400000, 0x27bce718, 0x27bce800, 0x28101000)
 Metaspace       used 13143K, capacity 13507K, committed 13568K, reserved 13696K
Event: 20.970 GC heap after
Heap after GC invocations=226 (full 7):
 def new generation   total 50816K, used 3064K [0x04400000, 0x07b20000, 0x24400000)
  eden space 45184K,   6% used [0x04400000, 0x046fe1f8, 0x07020000)
  from space 5632K,   0% used [0x07020000, 0x07020000, 0x075a0000)
  to   space 5632K,   0% used [0x075a0000, 0x075a0000, 0x07b20000)
 tenured generation   total 112860K, used 67715K [0x24400000, 0x2b237000, 0x64400000)
   the space 112860K,  59% used [0x24400000, 0x28620fe0, 0x28621000, 0x2b237000)
 Metaspace       used 13143K, capacity 13507K, committed 13568K, reserved 13696K
}
Event: 22.358 GC heap before
{Heap before GC invocations=226 (full 7):
 def new generation   total 50816K, used 45184K [0x04400000, 0x07b20000, 0x24400000)
  eden space 45184K, 100% used [0x04400000, 0x07020000, 0x07020000)
  from space 5632K,   0% used [0x07020000, 0x07020000, 0x075a0000)
  to   space 5632K,   0% used [0x075a0000, 0x075a0000, 0x07b20000)
 tenured generation   total 112860K, used 67715K [0x24400000, 0x2b237000, 0x64400000)
   the space 112860K,  59% used [0x24400000, 0x28620fe0, 0x28621000, 0x2b237000)
 Metaspace       used 13256K, capacity 13673K, committed 13696K, reserved 13696K
Event: 22.407 GC heap after
Heap after GC invocations=227 (full 7):
 def new generation   total 50816K, used 5632K [0x04400000, 0x07b20000, 0x24400000)
  eden space 45184K,   0% used [0x04400000, 0x04400000, 0x07020000)
  from space 5632K, 100% used [0x075a0000, 0x07b20000, 0x07b20000)
  to   space 5632K,   0% used [0x07020000, 0x07020000, 0x075a0000)
 tenured generation   total 112860K, used 71848K [0x24400000, 0x2b237000, 0x64400000)
   the space 112860K,  63% used [0x24400000, 0x28a2a008, 0x28a2a200, 0x2b237000)
 Metaspace       used 13256K, capacity 13673K, committed 13696K, reserved 13696K
}

Deoptimization events (0 events):
No events

Internal exceptions (10 events):
Event: 0.345 Thread 0x0071c000 Exception <a 'java/lang/ClassNotFoundException': ToolTip> (0x04791598) thrown at [D:\re\puppet\workspace\8-2-build-windows-i586-cygwin\jdk8u60\4407\hotspot\src\share\vm\classfile\systemDictionary.cpp, line 210]
Event: 0.346 Thread 0x0071c000 Exception <a 'java/lang/ClassNotFoundException': Tree> (0x04792080) thrown at [D:\re\puppet\workspace\8-2-build-windows-i586-cygwin\jdk8u60\4407\hotspot\src\share\vm\classfile\systemDictionary.cpp, line 210]
Event: 0.346 Thread 0x0071c000 Exception <a 'java/lang/ClassNotFoundException': Tree> (0x04792720) thrown at [D:\re\puppet\workspace\8-2-build-windows-i586-cygwin\jdk8u60\4407\hotspot\src\share\vm\classfile\systemDictionary.cpp, line 210]
Event: 0.346 Thread 0x0071c000 Exception <a 'java/lang/ClassNotFoundException': javax/swing/JTreeCell> (0x04792a58) thrown at [D:\re\puppet\workspace\8-2-build-windows-i586-cygwin\jdk8u60\4407\hotspot\src\share\vm\classfile\systemDictionary.cpp, line 210]
Event: 0.346 Thread 0x0071c000 Exception <a 'java/lang/ClassNotFoundException': TreeCell> (0x04792ea0) thrown at [D:\re\puppet\workspace\8-2-build-windows-i586-cygwin\jdk8u60\4407\hotspot\src\share\vm\classfile\systemDictionary.cpp, line 210]
Event: 0.346 Thread 0x0071c000 Exception <a 'java/lang/ClassNotFoundException': RootPane> (0x04793818) thrown at [D:\re\puppet\workspace\8-2-build-windows-i586-cygwin\jdk8u60\4407\hotspot\src\share\vm\classfile\systemDictionary.cpp, line 210]
Event: 16.376 Thread 0x65f8dc00 Exception <a 'java/lang/NullPointerException'> (0x04905390) thrown at [D:\re\puppet\workspace\8-2-build-windows-i586-cygwin\jdk8u60\4407\hotspot\src\share\vm\interpreter\linkResolver.cpp, line 1178]
Event: 16.418 Thread 0x660f3c00 Exception <a 'java/lang/NullPointerException'> (0x044b69d8) thrown at [D:\re\puppet\workspace\8-2-build-windows-i586-cygwin\jdk8u60\4407\hotspot\src\share\vm\interpreter\linkResolver.cpp, line 1178]
Event: 16.418 Thread 0x660f3c00 Exception <a 'java/lang/NullPointerException'> (0x044b69d8) thrown at [D:\re\puppet\workspace\8-2-build-windows-i586-cygwin\jdk8u60\4407\hotspot\src\share\vm\prims\jvm.cpp, line 1390]
Event: 17.834 Thread 0x660f3c00 Implicit null exception at 0x0254f993 to 0x0254fb89

Events (10 events):
Event: 22.576 loading class java/util/regex/ASCII
Event: 22.576 loading class java/util/regex/ASCII done
Event: 22.577 loading class javafx/event/Event
Event: 22.577 loading class javafx/event/Event done
Event: 22.577 loading class javafx/event/Event
Event: 22.577 loading class javafx/event/Event done
Event: 22.577 loading class javafx/scene/Node
Event: 22.577 loading class javafx/scene/Node done
Event: 22.589 Executing VM operation: GenCollectForAllocation
Event: 22.589 Executing VM operation: GenCollectForAllocation done


Dynamic libraries:
0x00aa0000 - 0x00ad3000 	C:\Program Files (x86)\Java\jdk1.8.0_60\bin\java.exe
0x77bb0000 - 0x77d1e000 	C:\WINDOWS\SYSTEM32\ntdll.dll
0x77340000 - 0x77480000 	C:\WINDOWS\SYSTEM32\KERNEL32.DLL
0x76990000 - 0x76a67000 	C:\WINDOWS\SYSTEM32\KERNELBASE.dll
0x74360000 - 0x74400000 	C:\WINDOWS\system32\apphelp.dll
0x69580000 - 0x697e6000 	C:\WINDOWS\AppPatch\AcGenral.DLL
0x76690000 - 0x76753000 	C:\WINDOWS\SYSTEM32\msvcrt.dll
0x77570000 - 0x775b1000 	C:\WINDOWS\SYSTEM32\sechost.dll
0x753a0000 - 0x753be000 	C:\WINDOWS\SYSTEM32\SspiCli.dll
0x772f0000 - 0x77335000 	C:\WINDOWS\SYSTEM32\SHLWAPI.dll
0x741d0000 - 0x742bd000 	C:\WINDOWS\SYSTEM32\UxTheme.dll
0x76a70000 - 0x76bc3000 	C:\WINDOWS\SYSTEM32\USER32.dll
0x76ec0000 - 0x76fcf000 	C:\WINDOWS\SYSTEM32\GDI32.dll
0x73d90000 - 0x73db3000 	C:\WINDOWS\SYSTEM32\WINMM.dll
0x736b0000 - 0x736c3000 	C:\WINDOWS\SYSTEM32\samcli.dll
0x77890000 - 0x779b9000 	C:\WINDOWS\SYSTEM32\ole32.dll
0x76cb0000 - 0x76d45000 	C:\WINDOWS\SYSTEM32\OLEAUT32.dll
0x69560000 - 0x69577000 	C:\WINDOWS\SYSTEM32\MSACM32.dll
0x74fa0000 - 0x74fa8000 	C:\WINDOWS\SYSTEM32\VERSION.dll
0x753c0000 - 0x7667c000 	C:\WINDOWS\SYSTEM32\SHELL32.dll
0x75280000 - 0x7529b000 	C:\WINDOWS\SYSTEM32\USERENV.dll
0x74340000 - 0x7435a000 	C:\WINDOWS\SYSTEM32\dwmapi.dll
0x73410000 - 0x7355b000 	C:\WINDOWS\SYSTEM32\urlmon.dll
0x77a60000 - 0x77adc000 	C:\WINDOWS\SYSTEM32\ADVAPI32.dll
0x69c10000 - 0x69c75000 	C:\WINDOWS\SYSTEM32\WINSPOOL.DRV
0x74bb0000 - 0x74bc6000 	C:\WINDOWS\SYSTEM32\MPR.dll
0x777d0000 - 0x7788a000 	C:\WINDOWS\SYSTEM32\RPCRT4.dll
0x75390000 - 0x7539a000 	C:\WINDOWS\SYSTEM32\CRYPTBASE.dll
0x77650000 - 0x777cd000 	C:\WINDOWS\SYSTEM32\combase.dll
0x72980000 - 0x729a3000 	C:\WINDOWS\SYSTEM32\WINMMBASE.dll
0x74f60000 - 0x74f6f000 	C:\WINDOWS\SYSTEM32\profapi.dll
0x73840000 - 0x73a72000 	C:\WINDOWS\SYSTEM32\iertutil.dll
0x73a80000 - 0x73c73000 	C:\WINDOWS\SYSTEM32\WININET.dll
0x75330000 - 0x75384000 	C:\WINDOWS\SYSTEM32\bcryptPrimitives.dll
0x77190000 - 0x771cc000 	C:\WINDOWS\SYSTEM32\cfgmgr32.dll
0x74ec0000 - 0x74ee1000 	C:\WINDOWS\SYSTEM32\DEVOBJ.dll
0x752a0000 - 0x7532b000 	C:\WINDOWS\SYSTEM32\SHCORE.DLL
0x779c0000 - 0x779e7000 	C:\WINDOWS\system32\IMM32.DLL
0x771d0000 - 0x772e2000 	C:\WINDOWS\SYSTEM32\MSCTF.dll
0x74780000 - 0x74986000 	C:\WINDOWS\WinSxS\x86_microsoft.windows.common-controls_6595b64144ccf1df_6.0.9600.18006_none_a9ec6aab013aafee\COMCTL32.dll
0x694a0000 - 0x6955f000 	C:\Program Files (x86)\Java\jdk1.8.0_60\jre\bin\msvcr100.dll
0x690d0000 - 0x69495000 	C:\Program Files (x86)\Java\jdk1.8.0_60\jre\bin\client\jvm.dll
0x74e20000 - 0x74e28000 	C:\WINDOWS\SYSTEM32\WSOCK32.dll
0x76bd0000 - 0x76bd6000 	C:\WINDOWS\SYSTEM32\PSAPI.DLL
0x77a10000 - 0x77a60000 	C:\WINDOWS\SYSTEM32\WS2_32.dll
0x77510000 - 0x77517000 	C:\WINDOWS\SYSTEM32\NSI.dll
0x690c0000 - 0x690cc000 	C:\Program Files (x86)\Java\jdk1.8.0_60\jre\bin\verify.dll
0x69090000 - 0x690b1000 	C:\Program Files (x86)\Java\jdk1.8.0_60\jre\bin\java.dll
0x69070000 - 0x69083000 	C:\Program Files (x86)\Java\jdk1.8.0_60\jre\bin\zip.dll
0x67770000 - 0x678b5000 	C:\Program Files (x86)\Java\jdk1.8.0_60\jre\bin\awt.dll
0x75270000 - 0x75279000 	C:\WINDOWS\SYSTEM32\kernel.appcore.dll
0x67730000 - 0x67769000 	C:\Program Files (x86)\Java\jdk1.8.0_60\jre\bin\fontmanager.dll
0x69050000 - 0x69065000 	C:\Program Files (x86)\Java\jdk1.8.0_60\jre\bin\net.dll
0x750f0000 - 0x7513b000 	C:\WINDOWS\system32\mswsock.dll
0x67720000 - 0x6772f000 	C:\Program Files (x86)\Java\jdk1.8.0_60\jre\bin\nio.dll
0x676f0000 - 0x67720000 	C:\Program Files (x86)\Java\jdk1.8.0_60\jre\bin\t2k.dll
0x77480000 - 0x7750d000 	C:\WINDOWS\SYSTEM32\clbcatq.dll
0x69a30000 - 0x69b9b000 	C:\WINDOWS\SYSTEM32\WindowsCodecs.dll
0x74f40000 - 0x74f59000 	C:\WINDOWS\SYSTEM32\CRYPTSP.dll
0x74f10000 - 0x74f40000 	C:\WINDOWS\system32\rsaenh.dll
0x74ef0000 - 0x74f0e000 	C:\WINDOWS\SYSTEM32\bcrypt.dll
0x676c0000 - 0x676e4000 	C:\Program Files (x86)\Java\jdk1.8.0_60\jre\bin\dcpr.dll
0x65b30000 - 0x65c1e000 	C:\Program Files (x86)\Java\jdk1.8.0_60\jre\bin\msvcr120.dll
0x65c20000 - 0x65c91000 	C:\Program Files (x86)\Java\jdk1.8.0_60\jre\bin\msvcp120.dll
0x65d30000 - 0x65d4f000 	C:\Program Files (x86)\Java\jdk1.8.0_60\jre\bin\prism_d3d.dll
0x729b0000 - 0x72b83000 	C:\WINDOWS\system32\d3d9.dll
0x6ed40000 - 0x6ee50000 	C:\WINDOWS\SYSTEM32\aticfx32.dll
0x65d50000 - 0x65d6b000 	C:\WINDOWS\SYSTEM32\atiu9pag.dll
0x678c0000 - 0x68a93000 	C:\WINDOWS\SYSTEM32\igdumdim32.dll
0x6ce10000 - 0x6d17b000 	C:\WINDOWS\SYSTEM32\igdusc32.dll
0x69c80000 - 0x6a2cf000 	C:\WINDOWS\SYSTEM32\atiumdag.dll
0x6a2d0000 - 0x6aabe000 	C:\WINDOWS\SYSTEM32\atiumdva.dll
0x65d80000 - 0x65db3000 	C:\Program Files (x86)\Java\jdk1.8.0_60\jre\bin\glass.dll
0x76760000 - 0x767fb000 	C:\WINDOWS\SYSTEM32\COMDLG32.dll
0x699d0000 - 0x699e1000 	C:\Program Files (x86)\Java\jdk1.8.0_60\jre\bin\javafx_font.dll
0x6f390000 - 0x6f511000 	C:\WINDOWS\SYSTEM32\dwrite.dll
0x69bf0000 - 0x69bff000 	C:\Program Files (x86)\Java\jdk1.8.0_60\jre\bin\prism_common.dll
0x74080000 - 0x741c1000 	C:\WINDOWS\SYSTEM32\dbghelp.dll

VM Arguments:
jvm_args: -Dfile.encoding=UTF-8 -Xmx1536m 
java_command: GUI.Principal
java_class_path (initial): C:\Users\Lucas\Documents\NetBeansProjects\TrabalhoAED\lib\commons-lang3-3.4.jar;C:\Users\Lucas\Documents\NetBeansProjects\TrabalhoAED\build\classes
Launcher Type: SUN_STANDARD

Environment Variables:
JAVA_HOME=C:\Program Files\Java\jdk1.7.0_17
PATH=C:\ProgramData\Oracle\Java\javapath;C:\Python27\;C:\Program Files (x86)\Intel\iCLS Client\;C:\Program Files\Intel\iCLS Client\;C:\WINDOWS\system32;C:\WINDOWS;C:\WINDOWS\System32\Wbem;C:\WINDOWS\System32\WindowsPowerShell\v1.0\;C:\Program Files (x86)\Windows Live\Shared;C:\Program Files\Intel\Intel(R) Management Engine Components\DAL;C:\Program Files\Intel\Intel(R) Management Engine Components\IPT;C:\Program Files (x86)\Intel\Intel(R) Management Engine Components\DAL;C:\Program Files (x86)\Intel\Intel(R) Management Engine Components\IPT;C:\Program Files (x86)\ATI Technologies\ATI.ACE\Core-Static;C:\Program Files\Java\jdk1.7.0_17\bin;C:\Program Files\MiKTeX 2.9\miktex\bin\x64\;C:\Program Files\Microsoft SQL Server\110\Tools\Binn\;C:\ant\apache-ant-1.9.4/bin;C:\apache-maven-3.3.1\bin;c:\cygwin64\bin;C:\MinGW\bin;C:\Program Files\Microsoft SQL Server\120\Tools\Binn\;C:\Program Files (x86)\Skype\Phone\;C:\Program Files (x86)\Windows Kits\8.1\Windows Performance Toolkit\;C:\Program Files\TortoiseSVN\bin
USERNAME=Lucas
OS=Windows_NT
PROCESSOR_IDENTIFIER=Intel64 Family 6 Model 58 Stepping 9, GenuineIntel



---------------  S Y S T E M  ---------------

OS: Windows 8.1 , 64 bit Build 9600 (6.3.9600.17415)

CPU:total 4 (2 cores per cpu, 2 threads per core) family 6 model 58 stepping 9, cmov, cx8, fxsr, mmx, sse, sse2, sse3, ssse3, sse4.1, sse4.2, popcnt, avx, aes, clmul, erms, ht, tsc, tscinvbit, tscinv

Memory: 4k page, physical 4070680k(975416k free), swap 8264984k(3472696k free)

vm_info: Java HotSpot(TM) Client VM (25.60-b23) for windows-x86 JRE (1.8.0_60-b27), built on Aug  4 2015 10:57:40 by "java_re" with MS VC++ 10.0 (VS2010)

time: Fri Nov 06 15:54:20 2015
elapsed time: 22 seconds (0d 0h 0m 22s)

